mode: set
github.com/fleetflow/backend/internal/config/config.go:65.21,119.2 1 0
github.com/fleetflow/backend/internal/config/config.go:122.46,123.42 1 0
github.com/fleetflow/backend/internal/config/config.go:123.42,125.3 1 0
github.com/fleetflow/backend/internal/config/config.go:126.2,126.21 1 0
github.com/fleetflow/backend/internal/config/config.go:129.50,130.42 1 0
github.com/fleetflow/backend/internal/config/config.go:130.42,131.55 1 0
github.com/fleetflow/backend/internal/config/config.go:131.55,133.4 1 0
github.com/fleetflow/backend/internal/config/config.go:135.2,135.21 1 0
github.com/fleetflow/backend/internal/config/config.go:138.56,139.42 1 0
github.com/fleetflow/backend/internal/config/config.go:139.42,140.67 1 0
github.com/fleetflow/backend/internal/config/config.go:140.67,142.4 1 0
github.com/fleetflow/backend/internal/config/config.go:144.2,144.21 1 0
github.com/fleetflow/backend/internal/config/config.go:147.75,148.42 1 0
github.com/fleetflow/backend/internal/config/config.go:148.42,149.61 1 0
github.com/fleetflow/backend/internal/config/config.go:149.61,151.4 1 0
github.com/fleetflow/backend/internal/config/config.go:153.2,153.21 1 0
github.com/fleetflow/backend/internal/config/config.go:157.39,159.2 1 1
github.com/fleetflow/backend/internal/config/config.go:162.38,164.2 1 0
github.com/fleetflow/backend/internal/handlers/handlers.go:21.64,23.2 1 1
github.com/fleetflow/backend/internal/handlers/handlers.go:30.72,32.2 1 1
github.com/fleetflow/backend/internal/handlers/handlers.go:45.47,47.47 2 1
github.com/fleetflow/backend/internal/handlers/handlers.go:47.47,55.3 2 1
github.com/fleetflow/backend/internal/handlers/handlers.go:58.2,63.16 4 1
github.com/fleetflow/backend/internal/handlers/handlers.go:63.16,65.86 2 0
github.com/fleetflow/backend/internal/handlers/handlers.go:65.86,67.4 1 0
github.com/fleetflow/backend/internal/handlers/handlers.go:69.3,74.9 2 0
github.com/fleetflow/backend/internal/handlers/handlers.go:77.2,81.4 1 1
github.com/fleetflow/backend/internal/handlers/handlers.go:95.49,97.47 2 1
github.com/fleetflow/backend/internal/handlers/handlers.go:97.47,105.3 2 0
github.com/fleetflow/backend/internal/handlers/handlers.go:108.2,113.16 4 1
github.com/fleetflow/backend/internal/handlers/handlers.go:113.16,120.3 2 0
github.com/fleetflow/backend/internal/handlers/handlers.go:123.2,124.16 2 1
github.com/fleetflow/backend/internal/handlers/handlers.go:124.16,131.3 2 0
github.com/fleetflow/backend/internal/handlers/handlers.go:133.2,134.16 2 1
github.com/fleetflow/backend/internal/handlers/handlers.go:134.16,141.3 2 0
github.com/fleetflow/backend/internal/handlers/handlers.go:144.2,153.24 2 1
github.com/fleetflow/backend/internal/handlers/handlers.go:153.24,160.3 1 1
github.com/fleetflow/backend/internal/handlers/handlers.go:162.2,168.4 1 1
github.com/fleetflow/backend/internal/handlers/handlers.go:182.52,184.47 2 0
github.com/fleetflow/backend/internal/handlers/handlers.go:184.47,191.3 2 0
github.com/fleetflow/backend/internal/handlers/handlers.go:194.2,195.16 2 0
github.com/fleetflow/backend/internal/handlers/handlers.go:195.16,202.3 2 0
github.com/fleetflow/backend/internal/handlers/handlers.go:204.2,208.4 1 0
github.com/fleetflow/backend/internal/handlers/handlers.go:221.46,223.13 2 0
github.com/fleetflow/backend/internal/handlers/handlers.go:223.13,230.3 2 0
github.com/fleetflow/backend/internal/handlers/handlers.go:232.2,236.28 3 0
github.com/fleetflow/backend/internal/handlers/handlers.go:236.28,238.17 2 0
github.com/fleetflow/backend/internal/handlers/handlers.go:238.18,240.4 0 0
github.com/fleetflow/backend/internal/handlers/handlers.go:241.8,244.17 2 0
github.com/fleetflow/backend/internal/handlers/handlers.go:244.18,246.4 0 0
github.com/fleetflow/backend/internal/handlers/handlers.go:250.2,264.4 2 0
github.com/fleetflow/backend/internal/handlers/handlers.go:276.50,278.13 2 0
github.com/fleetflow/backend/internal/handlers/handlers.go:278.13,285.3 2 0
github.com/fleetflow/backend/internal/handlers/handlers.go:287.2,288.16 2 0
github.com/fleetflow/backend/internal/handlers/handlers.go:288.16,295.3 2 0
github.com/fleetflow/backend/internal/handlers/handlers.go:297.2,307.24 2 0
github.com/fleetflow/backend/internal/handlers/handlers.go:307.24,314.3 1 0
github.com/fleetflow/backend/internal/handlers/handlers.go:316.2,316.33 1 0
github.com/fleetflow/backend/internal/handlers/handlers.go:331.53,333.13 2 0
github.com/fleetflow/backend/internal/handlers/handlers.go:333.13,340.3 2 0
github.com/fleetflow/backend/internal/handlers/handlers.go:342.2,343.47 2 0
github.com/fleetflow/backend/internal/handlers/handlers.go:343.47,350.3 2 0
github.com/fleetflow/backend/internal/handlers/handlers.go:354.2,355.16 2 0
github.com/fleetflow/backend/internal/handlers/handlers.go:355.16,362.3 2 0
github.com/fleetflow/backend/internal/handlers/handlers.go:364.2,374.33 2 0
github.com/fleetflow/backend/internal/handlers/handlers.go:391.48,393.55 2 0
github.com/fleetflow/backend/internal/handlers/handlers.go:393.55,400.3 2 0
github.com/fleetflow/backend/internal/handlers/handlers.go:402.2,412.4 3 0
github.com/fleetflow/backend/internal/handlers/handlers.go:428.50,430.47 2 0
github.com/fleetflow/backend/internal/handlers/handlers.go:430.47,437.3 2 0
github.com/fleetflow/backend/internal/handlers/handlers.go:439.2,442.16 3 0
github.com/fleetflow/backend/internal/handlers/handlers.go:442.16,449.3 2 0
github.com/fleetflow/backend/internal/handlers/handlers.go:451.2,459.38 2 0
github.com/fleetflow/backend/internal/handlers/handlers.go:477.50,480.16 3 0
github.com/fleetflow/backend/internal/handlers/handlers.go:480.16,487.3 2 0
github.com/fleetflow/backend/internal/handlers/handlers.go:489.2,490.47 2 0
github.com/fleetflow/backend/internal/handlers/handlers.go:490.47,497.3 2 0
github.com/fleetflow/backend/internal/handlers/handlers.go:500.2,502.4 1 0
github.com/fleetflow/backend/internal/handlers/handlers.go:517.50,520.16 3 0
github.com/fleetflow/backend/internal/handlers/handlers.go:520.16,527.3 2 0
github.com/fleetflow/backend/internal/handlers/handlers.go:529.2,532.16 3 0
github.com/fleetflow/backend/internal/handlers/handlers.go:532.16,539.3 2 0
github.com/fleetflow/backend/internal/handlers/handlers.go:541.2,543.4 1 0
github.com/fleetflow/backend/internal/handlers/handlers.go:561.57,564.16 3 0
github.com/fleetflow/backend/internal/handlers/handlers.go:564.16,571.3 2 0
github.com/fleetflow/backend/internal/handlers/handlers.go:573.2,574.47 2 0
github.com/fleetflow/backend/internal/handlers/handlers.go:574.47,581.3 2 0
github.com/fleetflow/backend/internal/handlers/handlers.go:584.2,585.16 2 0
github.com/fleetflow/backend/internal/handlers/handlers.go:585.16,592.3 2 0
github.com/fleetflow/backend/internal/handlers/handlers.go:594.2,596.4 1 0
github.com/fleetflow/backend/internal/handlers/handlers.go:604.68,606.2 1 1
github.com/fleetflow/backend/internal/handlers/handlers.go:622.52,624.52 2 0
github.com/fleetflow/backend/internal/handlers/handlers.go:624.52,631.3 2 0
github.com/fleetflow/backend/internal/handlers/handlers.go:634.2,635.26 2 0
github.com/fleetflow/backend/internal/handlers/handlers.go:635.26,637.3 1 0
github.com/fleetflow/backend/internal/handlers/handlers.go:638.2,638.29 1 0
github.com/fleetflow/backend/internal/handlers/handlers.go:638.29,640.3 1 0
github.com/fleetflow/backend/internal/handlers/handlers.go:641.2,641.26 1 0
github.com/fleetflow/backend/internal/handlers/handlers.go:641.26,643.3 1 0
github.com/fleetflow/backend/internal/handlers/handlers.go:644.2,644.60 1 0
github.com/fleetflow/backend/internal/handlers/handlers.go:644.60,646.3 1 0
github.com/fleetflow/backend/internal/handlers/handlers.go:649.2,650.16 2 0
github.com/fleetflow/backend/internal/handlers/handlers.go:650.16,657.3 2 0
github.com/fleetflow/backend/internal/handlers/handlers.go:660.2,661.33 2 0
github.com/fleetflow/backend/internal/handlers/handlers.go:661.33,686.3 2 0
github.com/fleetflow/backend/internal/handlers/handlers.go:688.2,696.4 2 0
github.com/fleetflow/backend/internal/handlers/handlers.go:711.54,713.47 2 0
github.com/fleetflow/backend/internal/handlers/handlers.go:713.47,721.3 2 0
github.com/fleetflow/backend/internal/handlers/handlers.go:724.2,742.16 3 0
github.com/fleetflow/backend/internal/handlers/handlers.go:742.16,749.3 2 0
github.com/fleetflow/backend/internal/handlers/handlers.go:751.2,771.38 2 0
github.com/fleetflow/backend/internal/handlers/handlers.go:785.51,788.16 3 0
github.com/fleetflow/backend/internal/handlers/handlers.go:788.16,795.3 2 0
github.com/fleetflow/backend/internal/handlers/handlers.go:797.2,798.16 2 0
github.com/fleetflow/backend/internal/handlers/handlers.go:798.16,805.3 2 0
github.com/fleetflow/backend/internal/handlers/handlers.go:807.2,831.33 2 0
github.com/fleetflow/backend/internal/handlers/handlers.go:847.54,850.16 3 0
github.com/fleetflow/backend/internal/handlers/handlers.go:850.16,857.3 2 0
github.com/fleetflow/backend/internal/handlers/handlers.go:859.2,860.47 2 0
github.com/fleetflow/backend/internal/handlers/handlers.go:860.47,867.3 2 0
github.com/fleetflow/backend/internal/handlers/handlers.go:870.2,871.21 2 0
github.com/fleetflow/backend/internal/handlers/handlers.go:871.21,873.3 1 0
github.com/fleetflow/backend/internal/handlers/handlers.go:874.2,874.30 1 0
github.com/fleetflow/backend/internal/handlers/handlers.go:874.30,876.3 1 0
github.com/fleetflow/backend/internal/handlers/handlers.go:877.2,877.30 1 0
github.com/fleetflow/backend/internal/handlers/handlers.go:877.30,879.3 1 0
github.com/fleetflow/backend/internal/handlers/handlers.go:880.2,880.34 1 0
github.com/fleetflow/backend/internal/handlers/handlers.go:880.34,882.3 1 0
github.com/fleetflow/backend/internal/handlers/handlers.go:883.2,883.23 1 0
github.com/fleetflow/backend/internal/handlers/handlers.go:883.23,885.3 1 0
github.com/fleetflow/backend/internal/handlers/handlers.go:886.2,886.24 1 0
github.com/fleetflow/backend/internal/handlers/handlers.go:886.24,888.3 1 0
github.com/fleetflow/backend/internal/handlers/handlers.go:889.2,889.28 1 0
github.com/fleetflow/backend/internal/handlers/handlers.go:889.28,891.3 1 0
github.com/fleetflow/backend/internal/handlers/handlers.go:892.2,892.30 1 0
github.com/fleetflow/backend/internal/handlers/handlers.go:892.30,894.3 1 0
github.com/fleetflow/backend/internal/handlers/handlers.go:895.2,895.31 1 0
github.com/fleetflow/backend/internal/handlers/handlers.go:895.31,897.3 1 0
github.com/fleetflow/backend/internal/handlers/handlers.go:898.2,898.25 1 0
github.com/fleetflow/backend/internal/handlers/handlers.go:898.25,900.3 1 0
github.com/fleetflow/backend/internal/handlers/handlers.go:903.2,911.16 2 0
github.com/fleetflow/backend/internal/handlers/handlers.go:911.16,918.3 2 0
github.com/fleetflow/backend/internal/handlers/handlers.go:920.2,944.33 2 0
github.com/fleetflow/backend/internal/handlers/handlers.go:957.54,960.16 3 0
github.com/fleetflow/backend/internal/handlers/handlers.go:960.16,967.3 2 0
github.com/fleetflow/backend/internal/handlers/handlers.go:969.2,970.16 2 0
github.com/fleetflow/backend/internal/handlers/handlers.go:970.16,977.3 2 0
github.com/fleetflow/backend/internal/handlers/handlers.go:979.2,981.4 1 0
github.com/fleetflow/backend/internal/handlers/handlers.go:996.62,999.16 3 0
github.com/fleetflow/backend/internal/handlers/handlers.go:999.16,1006.3 2 0
github.com/fleetflow/backend/internal/handlers/handlers.go:1008.2,1011.16 3 0
github.com/fleetflow/backend/internal/handlers/handlers.go:1011.16,1018.3 2 0
github.com/fleetflow/backend/internal/handlers/handlers.go:1020.2,1039.33 2 0
github.com/fleetflow/backend/internal/handlers/handlers.go:1053.61,1056.16 3 0
github.com/fleetflow/backend/internal/handlers/handlers.go:1056.16,1063.3 2 0
github.com/fleetflow/backend/internal/handlers/handlers.go:1065.2,1066.16 2 0
github.com/fleetflow/backend/internal/handlers/handlers.go:1066.16,1073.3 2 0
github.com/fleetflow/backend/internal/handlers/handlers.go:1076.2,1087.33 4 0
github.com/fleetflow/backend/internal/handlers/handlers.go:1100.63,1103.13 2 0
github.com/fleetflow/backend/internal/handlers/handlers.go:1103.13,1109.3 2 0
github.com/fleetflow/backend/internal/handlers/handlers.go:1112.2,1113.16 2 0
github.com/fleetflow/backend/internal/handlers/handlers.go:1113.16,1119.3 2 0
github.com/fleetflow/backend/internal/handlers/handlers.go:1122.2,1122.26 1 0
github.com/fleetflow/backend/internal/handlers/handlers.go:1122.26,1128.3 2 0
github.com/fleetflow/backend/internal/handlers/handlers.go:1131.2,1132.16 2 0
github.com/fleetflow/backend/internal/handlers/handlers.go:1132.16,1144.3 3 0
github.com/fleetflow/backend/internal/handlers/handlers.go:1147.2,1156.33 2 0
github.com/fleetflow/backend/internal/handlers/handlers.go:1160.65,1162.13 2 0
github.com/fleetflow/backend/internal/handlers/handlers.go:1162.13,1165.3 2 0
github.com/fleetflow/backend/internal/handlers/handlers.go:1167.2,1168.16 2 0
github.com/fleetflow/backend/internal/handlers/handlers.go:1168.16,1171.3 2 0
github.com/fleetflow/backend/internal/handlers/handlers.go:1174.2,1184.4 1 0
github.com/fleetflow/backend/internal/handlers/handlers.go:1188.63,1190.13 2 0
github.com/fleetflow/backend/internal/handlers/handlers.go:1190.13,1193.3 2 0
github.com/fleetflow/backend/internal/handlers/handlers.go:1196.2,1200.4 1 0
github.com/fleetflow/backend/internal/handlers/handlers.go:1216.60,1219.16 3 0
github.com/fleetflow/backend/internal/handlers/handlers.go:1219.16,1226.3 2 0
github.com/fleetflow/backend/internal/handlers/handlers.go:1228.2,1229.47 2 0
github.com/fleetflow/backend/internal/handlers/handlers.go:1229.47,1236.3 2 0
github.com/fleetflow/backend/internal/handlers/handlers.go:1238.2,1239.16 2 0
github.com/fleetflow/backend/internal/handlers/handlers.go:1239.16,1246.3 2 0
github.com/fleetflow/backend/internal/handlers/handlers.go:1248.2,1250.4 1 0
github.com/fleetflow/backend/internal/handlers/handlers.go:1263.55,1268.2 1 0
github.com/fleetflow/backend/internal/handlers/handlers.go:1275.70,1277.2 1 1
github.com/fleetflow/backend/internal/handlers/handlers.go:1279.54,1281.2 1 0
github.com/fleetflow/backend/internal/handlers/handlers.go:1283.56,1285.2 1 0
github.com/fleetflow/backend/internal/handlers/handlers.go:1287.53,1289.2 1 0
github.com/fleetflow/backend/internal/handlers/handlers.go:1291.56,1293.2 1 0
github.com/fleetflow/backend/internal/handlers/handlers.go:1295.56,1297.2 1 0
github.com/fleetflow/backend/internal/handlers/handlers.go:1299.61,1301.2 1 0
github.com/fleetflow/backend/internal/handlers/handlers.go:1303.64,1305.2 1 0
github.com/fleetflow/backend/internal/handlers/handlers.go:1307.63,1309.2 1 0
github.com/fleetflow/backend/internal/handlers/handlers.go:1311.64,1313.2 1 0
github.com/fleetflow/backend/internal/handlers/handlers.go:1315.57,1317.2 1 0
github.com/fleetflow/backend/internal/handlers/handlers.go:1324.64,1326.2 1 1
github.com/fleetflow/backend/internal/handlers/handlers.go:1328.48,1330.2 1 0
github.com/fleetflow/backend/internal/handlers/handlers.go:1332.50,1334.2 1 0
github.com/fleetflow/backend/internal/handlers/handlers.go:1336.47,1338.2 1 0
github.com/fleetflow/backend/internal/handlers/handlers.go:1340.50,1342.2 1 0
github.com/fleetflow/backend/internal/handlers/handlers.go:1344.50,1346.2 1 0
github.com/fleetflow/backend/internal/handlers/handlers.go:1348.50,1350.2 1 0
github.com/fleetflow/backend/internal/handlers/handlers.go:1352.49,1354.2 1 0
github.com/fleetflow/backend/internal/handlers/handlers.go:1356.49,1358.2 1 0
github.com/fleetflow/backend/internal/handlers/handlers.go:1360.50,1362.2 1 0
github.com/fleetflow/backend/internal/handlers/handlers.go:1364.52,1366.2 1 0
github.com/fleetflow/backend/internal/handlers/handlers.go:1368.50,1370.2 1 0
github.com/fleetflow/backend/internal/handlers/handlers.go:1372.55,1374.2 1 0
github.com/fleetflow/backend/internal/handlers/handlers.go:1376.52,1378.2 1 0
github.com/fleetflow/backend/internal/handlers/handlers.go:1380.49,1382.2 1 0
github.com/fleetflow/backend/internal/handlers/handlers.go:1384.59,1386.2 1 0
github.com/fleetflow/backend/internal/handlers/handlers.go:1388.51,1390.2 1 0
github.com/fleetflow/backend/internal/handlers/handlers.go:1397.64,1399.2 1 1
github.com/fleetflow/backend/internal/handlers/handlers.go:1401.53,1409.2 1 0
github.com/fleetflow/backend/internal/handlers/handlers.go:1411.55,1413.2 1 0
github.com/fleetflow/backend/internal/handlers/handlers.go:1415.52,1417.2 1 0
github.com/fleetflow/backend/internal/handlers/handlers.go:1419.55,1421.2 1 0
github.com/fleetflow/backend/internal/handlers/handlers.go:1423.55,1425.2 1 0
github.com/fleetflow/backend/internal/handlers/handlers.go:1427.55,1429.2 1 0
github.com/fleetflow/backend/internal/handlers/handlers.go:1431.53,1433.2 1 0
github.com/fleetflow/backend/internal/handlers/handlers.go:1435.52,1437.2 1 0
github.com/fleetflow/backend/internal/handlers/handlers.go:1439.56,1441.2 1 0
github.com/fleetflow/backend/internal/handlers/handlers.go:1443.56,1445.2 1 0
github.com/fleetflow/backend/internal/handlers/handlers.go:1447.63,1449.2 1 0
github.com/fleetflow/backend/internal/handlers/handlers.go:1451.61,1453.2 1 0
github.com/fleetflow/backend/internal/handlers/handlers.go:1455.57,1457.2 1 0
github.com/fleetflow/backend/internal/handlers/handlers.go:1459.56,1461.2 1 0
github.com/fleetflow/backend/internal/handlers/handlers.go:1468.72,1470.2 1 1
github.com/fleetflow/backend/internal/handlers/handlers.go:1472.62,1474.2 1 0
github.com/fleetflow/backend/internal/handlers/handlers.go:1476.62,1478.2 1 0
github.com/fleetflow/backend/internal/handlers/handlers.go:1480.62,1482.2 1 0
github.com/fleetflow/backend/internal/handlers/handlers.go:1484.61,1486.2 1 0
github.com/fleetflow/backend/internal/handlers/handlers.go:1488.56,1490.2 1 0
github.com/fleetflow/backend/internal/handlers/handlers.go:1492.58,1494.2 1 0
github.com/fleetflow/backend/internal/handlers/handlers.go:1496.58,1498.2 1 0
github.com/fleetflow/backend/internal/handlers/handlers.go:1500.58,1502.2 1 0
github.com/fleetflow/backend/internal/handlers/handlers.go:1504.59,1511.36 4 0
github.com/fleetflow/backend/internal/handlers/handlers.go:1511.36,1515.3 3 0
github.com/fleetflow/backend/internal/handlers/handlers.go:1518.2,1519.16 2 0
github.com/fleetflow/backend/internal/handlers/handlers.go:1519.16,1523.3 3 0
github.com/fleetflow/backend/internal/handlers/handlers.go:1525.2,1528.36 2 0
github.com/fleetflow/backend/internal/handlers/handlers.go:1528.36,1531.3 2 0
github.com/fleetflow/backend/internal/handlers/handlers.go:1531.8,1534.3 2 0
github.com/fleetflow/backend/internal/handlers/handlers.go:1542.68,1544.2 1 1
github.com/fleetflow/backend/internal/handlers/handlers.go:1546.59,1548.2 1 0
github.com/fleetflow/backend/internal/handlers/handlers.go:1550.51,1552.2 1 0
github.com/fleetflow/backend/internal/handlers/handlers.go:1554.56,1556.2 1 0
github.com/fleetflow/backend/internal/handlers/handlers.go:1558.51,1560.2 1 0
github.com/fleetflow/backend/internal/handlers/handlers.go:1562.54,1564.2 1 0
github.com/fleetflow/backend/internal/handlers/handlers.go:1566.54,1568.2 1 0
github.com/fleetflow/backend/internal/handlers/handlers.go:1575.74,1577.2 1 1
github.com/fleetflow/backend/internal/handlers/handlers.go:1579.62,1581.2 1 0
github.com/fleetflow/backend/internal/handlers/handlers.go:1583.64,1585.2 1 0
github.com/fleetflow/backend/internal/handlers/handlers.go:1587.65,1589.2 1 0
github.com/fleetflow/backend/internal/handlers/handlers.go:1591.66,1593.2 1 0
github.com/fleetflow/backend/internal/handlers/handlers.go:1595.62,1597.2 1 0
github.com/fleetflow/backend/internal/handlers/handlers.go:1599.64,1601.2 1 0
github.com/fleetflow/backend/internal/handlers/handlers.go:1603.64,1605.2 1 0
github.com/fleetflow/backend/internal/handlers/handlers.go:1607.62,1609.2 1 0
github.com/fleetflow/backend/internal/handlers/handlers.go:1611.65,1613.2 1 0
github.com/fleetflow/backend/internal/handlers/handlers.go:1615.57,1617.2 1 0
github.com/fleetflow/backend/internal/handlers/handlers.go:1619.62,1621.2 1 0
github.com/fleetflow/backend/internal/handlers/handlers.go:1626.55,1632.51 2 0
github.com/fleetflow/backend/internal/handlers/handlers.go:1632.51,1638.3 2 0
github.com/fleetflow/backend/internal/handlers/handlers.go:1640.2,1641.16 2 0
github.com/fleetflow/backend/internal/handlers/handlers.go:1641.16,1649.3 3 0
github.com/fleetflow/backend/internal/handlers/handlers.go:1651.2,1654.4 1 0
github.com/fleetflow/backend/internal/handlers/handlers.go:1658.64,1665.51 2 0
github.com/fleetflow/backend/internal/handlers/handlers.go:1665.51,1671.3 2 0
github.com/fleetflow/backend/internal/handlers/handlers.go:1673.2,1679.16 2 0
github.com/fleetflow/backend/internal/handlers/handlers.go:1679.16,1686.3 3 0
github.com/fleetflow/backend/internal/handlers/handlers.go:1688.2,1691.4 1 0
github.com/fleetflow/backend/internal/handlers/handlers.go:1695.53,1698.2 2 0
github.com/fleetflow/backend/internal/handlers/handlers.go:1701.57,1703.31 1 0
github.com/fleetflow/backend/internal/handlers/handlers.go:1703.31,1709.17 5 0
github.com/fleetflow/backend/internal/handlers/handlers.go:1709.17,1713.4 3 0
github.com/fleetflow/backend/internal/handlers/handlers.go:1715.3,1716.9 2 0
github.com/fleetflow/backend/internal/handlers/handlers.go:1720.2,1720.32 1 0
github.com/fleetflow/backend/internal/handlers/handlers.go:1720.32,1722.56 2 0
github.com/fleetflow/backend/internal/handlers/handlers.go:1722.56,1726.4 3 0
github.com/fleetflow/backend/internal/handlers/handlers.go:1728.3,1731.9 3 0
github.com/fleetflow/backend/internal/handlers/handlers.go:1734.2,1734.75 1 0
github.com/fleetflow/backend/internal/handlers/handlers.go:1738.60,1741.49 2 0
github.com/fleetflow/backend/internal/handlers/handlers.go:1741.49,1747.3 2 0
github.com/fleetflow/backend/internal/handlers/handlers.go:1749.2,1752.16 3 0
github.com/fleetflow/backend/internal/handlers/handlers.go:1752.16,1759.3 3 0
github.com/fleetflow/backend/internal/handlers/handlers.go:1761.2,1764.4 1 0
github.com/fleetflow/backend/internal/middleware/auth.go:31.65,36.2 1 1
github.com/fleetflow/backend/internal/middleware/auth.go:39.78,55.2 3 1
github.com/fleetflow/backend/internal/middleware/auth.go:58.86,67.16 3 1
github.com/fleetflow/backend/internal/middleware/auth.go:67.16,69.3 1 0
github.com/fleetflow/backend/internal/middleware/auth.go:71.2,79.56 2 1
github.com/fleetflow/backend/internal/middleware/auth.go:79.56,81.3 1 0
github.com/fleetflow/backend/internal/middleware/auth.go:83.2,83.26 1 1
github.com/fleetflow/backend/internal/middleware/auth.go:87.76,88.107 1 1
github.com/fleetflow/backend/internal/middleware/auth.go:88.107,90.3 1 0
github.com/fleetflow/backend/internal/middleware/auth.go:92.2,92.16 1 1
github.com/fleetflow/backend/internal/middleware/auth.go:92.16,94.3 1 1
github.com/fleetflow/backend/internal/middleware/auth.go:96.2,96.64 1 0
github.com/fleetflow/backend/internal/middleware/auth.go:96.64,98.3 1 0
github.com/fleetflow/backend/internal/middleware/auth.go:100.2,100.37 1 0
github.com/fleetflow/backend/internal/middleware/auth.go:104.100,107.115 2 0
github.com/fleetflow/backend/internal/middleware/auth.go:107.115,109.3 1 0
github.com/fleetflow/backend/internal/middleware/auth.go:112.2,112.46 1 0
github.com/fleetflow/backend/internal/middleware/auth.go:112.46,114.3 1 0
github.com/fleetflow/backend/internal/middleware/auth.go:117.2,118.69 2 0
github.com/fleetflow/backend/internal/middleware/auth.go:118.69,120.3 1 0
github.com/fleetflow/backend/internal/middleware/auth.go:123.2,124.16 2 0
github.com/fleetflow/backend/internal/middleware/auth.go:124.16,126.3 1 0
github.com/fleetflow/backend/internal/middleware/auth.go:129.2,133.16 4 0
github.com/fleetflow/backend/internal/middleware/auth.go:133.16,135.3 1 0
github.com/fleetflow/backend/internal/middleware/auth.go:137.2,137.42 1 0
github.com/fleetflow/backend/internal/middleware/auth.go:141.67,145.2 1 0
github.com/fleetflow/backend/internal/middleware/auth.go:148.61,152.2 1 0
github.com/fleetflow/backend/internal/middleware/auth.go:155.60,156.30 1 1
github.com/fleetflow/backend/internal/middleware/auth.go:156.30,158.23 2 1
github.com/fleetflow/backend/internal/middleware/auth.go:158.23,162.4 3 1
github.com/fleetflow/backend/internal/middleware/auth.go:165.3,166.56 2 1
github.com/fleetflow/backend/internal/middleware/auth.go:166.56,170.4 3 0
github.com/fleetflow/backend/internal/middleware/auth.go:172.3,174.17 3 1
github.com/fleetflow/backend/internal/middleware/auth.go:174.17,178.4 3 1
github.com/fleetflow/backend/internal/middleware/auth.go:181.3,187.11 6 0
github.com/fleetflow/backend/internal/middleware/auth.go:192.56,193.30 1 1
github.com/fleetflow/backend/internal/middleware/auth.go:193.30,195.14 2 0
github.com/fleetflow/backend/internal/middleware/auth.go:195.14,199.4 3 0
github.com/fleetflow/backend/internal/middleware/auth.go:201.3,202.10 2 0
github.com/fleetflow/backend/internal/middleware/auth.go:202.10,206.4 3 0
github.com/fleetflow/backend/internal/middleware/auth.go:209.3,210.38 2 0
github.com/fleetflow/backend/internal/middleware/auth.go:210.38,211.28 1 0
github.com/fleetflow/backend/internal/middleware/auth.go:211.28,213.10 2 0
github.com/fleetflow/backend/internal/middleware/auth.go:217.3,217.15 1 0
github.com/fleetflow/backend/internal/middleware/auth.go:217.15,221.4 3 0
github.com/fleetflow/backend/internal/middleware/auth.go:223.3,223.11 1 0
github.com/fleetflow/backend/internal/middleware/auth.go:228.37,230.2 1 1
github.com/fleetflow/backend/internal/middleware/auth.go:233.38,235.2 1 1
github.com/fleetflow/backend/internal/middleware/auth.go:238.45,240.2 1 1
github.com/fleetflow/backend/internal/middleware/auth.go:243.59,244.30 1 0
github.com/fleetflow/backend/internal/middleware/auth.go:244.30,246.23 2 0
github.com/fleetflow/backend/internal/middleware/auth.go:246.23,249.4 2 0
github.com/fleetflow/backend/internal/middleware/auth.go:251.3,252.56 2 0
github.com/fleetflow/backend/internal/middleware/auth.go:252.56,254.72 2 0
github.com/fleetflow/backend/internal/middleware/auth.go:254.72,260.5 5 0
github.com/fleetflow/backend/internal/middleware/auth.go:263.3,263.11 1 0
github.com/fleetflow/backend/internal/middleware/auth.go:268.52,269.48 1 0
github.com/fleetflow/backend/internal/middleware/auth.go:269.48,270.34 1 0
github.com/fleetflow/backend/internal/middleware/auth.go:270.34,272.4 1 0
github.com/fleetflow/backend/internal/middleware/auth.go:274.2,274.17 1 0
github.com/fleetflow/backend/internal/middleware/auth.go:278.61,279.43 1 0
github.com/fleetflow/backend/internal/middleware/auth.go:279.43,280.38 1 0
github.com/fleetflow/backend/internal/middleware/auth.go:280.38,282.4 1 0
github.com/fleetflow/backend/internal/middleware/auth.go:284.2,284.18 1 0
github.com/fleetflow/backend/internal/middleware/auth.go:288.54,289.52 1 0
github.com/fleetflow/backend/internal/middleware/auth.go:289.52,290.50 1 0
github.com/fleetflow/backend/internal/middleware/auth.go:290.50,292.4 1 0
github.com/fleetflow/backend/internal/middleware/auth.go:294.2,294.17 1 0
github.com/fleetflow/backend/internal/middleware/auth.go:298.35,301.2 2 0
github.com/fleetflow/backend/internal/middleware/auth.go:304.36,307.2 2 0
github.com/fleetflow/backend/internal/middleware/cors.go:10.29,11.30 1 0
github.com/fleetflow/backend/internal/middleware/cors.go:11.30,26.45 3 0
github.com/fleetflow/backend/internal/middleware/cors.go:26.45,28.4 1 0
github.com/fleetflow/backend/internal/middleware/cors.go:31.3,38.36 6 0
github.com/fleetflow/backend/internal/middleware/cors.go:38.36,41.4 2 0
github.com/fleetflow/backend/internal/middleware/cors.go:43.3,43.11 1 0
github.com/fleetflow/backend/internal/middleware/cors.go:48.33,49.30 1 0
github.com/fleetflow/backend/internal/middleware/cors.go:49.30,60.27 4 0
github.com/fleetflow/backend/internal/middleware/cors.go:60.27,62.4 1 0
github.com/fleetflow/backend/internal/middleware/cors.go:65.3,83.11 5 0
github.com/fleetflow/backend/internal/middleware/cors.go:88.34,90.30 1 0
github.com/fleetflow/backend/internal/middleware/cors.go:90.30,94.3 1 0
github.com/fleetflow/backend/internal/middleware/cors.go:98.38,99.30 1 0
github.com/fleetflow/backend/internal/middleware/cors.go:99.30,101.22 2 0
github.com/fleetflow/backend/internal/middleware/cors.go:101.22,104.4 1 0
github.com/fleetflow/backend/internal/middleware/cors.go:106.3,108.11 3 0
github.com/fleetflow/backend/internal/middleware/cors.go:113.33,116.2 1 0
github.com/fleetflow/backend/internal/middleware/cors.go:119.38,122.19 3 0
github.com/fleetflow/backend/internal/middleware/cors.go:122.19,124.3 1 0
github.com/fleetflow/backend/internal/middleware/cors.go:125.2,125.18 1 0
github.com/fleetflow/backend/internal/middleware/cors.go:129.55,131.32 2 0
github.com/fleetflow/backend/internal/middleware/cors.go:131.32,133.3 1 0
github.com/fleetflow/backend/internal/middleware/cors.go:135.2,135.30 1 0
github.com/fleetflow/backend/internal/middleware/cors.go:135.30,138.46 2 0
github.com/fleetflow/backend/internal/middleware/cors.go:138.46,144.4 3 0
github.com/fleetflow/backend/internal/middleware/cors.go:146.3,146.11 1 0
github.com/fleetflow/backend/internal/middleware/cors.go:151.34,152.30 1 0
github.com/fleetflow/backend/internal/middleware/cors.go:152.30,156.22 2 0
github.com/fleetflow/backend/internal/middleware/cors.go:156.22,162.4 3 0
github.com/fleetflow/backend/internal/middleware/cors.go:165.3,166.11 2 0
github.com/fleetflow/backend/internal/middleware/recovery.go:15.43,16.68 1 0
github.com/fleetflow/backend/internal/middleware/recovery.go:16.68,17.40 1 0
github.com/fleetflow/backend/internal/middleware/recovery.go:17.40,19.4 1 0
github.com/fleetflow/backend/internal/middleware/recovery.go:19.9,21.4 1 0
github.com/fleetflow/backend/internal/middleware/recovery.go:24.3,38.5 7 0
github.com/fleetflow/backend/internal/middleware/recovery.go:43.90,44.30 1 0
github.com/fleetflow/backend/internal/middleware/recovery.go:44.30,45.16 1 0
github.com/fleetflow/backend/internal/middleware/recovery.go:45.16,46.48 1 0
github.com/fleetflow/backend/internal/middleware/recovery.go:46.48,48.5 1 0
github.com/fleetflow/backend/internal/middleware/recovery.go:50.3,50.11 1 0
github.com/fleetflow/backend/internal/middleware/recovery.go:55.37,56.30 1 0
github.com/fleetflow/backend/internal/middleware/recovery.go:56.30,60.24 2 0
github.com/fleetflow/backend/internal/middleware/recovery.go:60.24,69.26 5 0
github.com/fleetflow/backend/internal/middleware/recovery.go:69.26,71.5 1 0
github.com/fleetflow/backend/internal/middleware/recovery.go:74.4,74.20 1 0
github.com/fleetflow/backend/internal/middleware/recovery.go:75.30,81.7 2 0
github.com/fleetflow/backend/internal/middleware/recovery.go:82.29,87.7 1 0
github.com/fleetflow/backend/internal/middleware/recovery.go:88.27,93.7 1 0
github.com/fleetflow/backend/internal/middleware/recovery.go:94.12,99.7 1 0
github.com/fleetflow/backend/internal/middleware/recovery.go:106.60,107.30 1 0
github.com/fleetflow/backend/internal/middleware/recovery.go:107.30,116.13 5 0
github.com/fleetflow/backend/internal/middleware/recovery.go:116.13,117.17 1 0
github.com/fleetflow/backend/internal/middleware/recovery.go:117.17,118.49 1 0
github.com/fleetflow/backend/internal/middleware/recovery.go:118.49,121.6 2 0
github.com/fleetflow/backend/internal/middleware/recovery.go:123.4,124.26 2 0
github.com/fleetflow/backend/internal/middleware/recovery.go:127.3,127.10 1 0
github.com/fleetflow/backend/internal/middleware/recovery.go:128.21,133.6 2 0
github.com/fleetflow/backend/internal/middleware/recovery.go:134.19,134.19 0 0
github.com/fleetflow/backend/internal/middleware/recovery.go:149.82,154.2 1 0
github.com/fleetflow/backend/internal/middleware/recovery.go:156.60,157.30 1 0
github.com/fleetflow/backend/internal/middleware/recovery.go:157.30,159.16 1 0
github.com/fleetflow/backend/internal/middleware/recovery.go:159.16,160.49 1 0
github.com/fleetflow/backend/internal/middleware/recovery.go:160.49,165.5 3 0
github.com/fleetflow/backend/internal/middleware/recovery.go:165.10,172.5 3 0
github.com/fleetflow/backend/internal/middleware/recovery.go:176.3,179.31 2 0
github.com/fleetflow/backend/internal/middleware/recovery.go:179.31,183.37 3 0
github.com/fleetflow/backend/internal/middleware/recovery.go:183.37,186.5 2 0
github.com/fleetflow/backend/internal/middleware/recovery.go:187.9,187.37 1 0
github.com/fleetflow/backend/internal/middleware/recovery.go:187.37,190.4 1 0
github.com/fleetflow/backend/internal/middleware/recovery.go:195.81,196.30 1 0
github.com/fleetflow/backend/internal/middleware/recovery.go:196.30,197.35 1 0
github.com/fleetflow/backend/internal/middleware/recovery.go:197.35,205.4 4 0
github.com/fleetflow/backend/internal/middleware/recovery.go:206.3,206.11 1 0
github.com/fleetflow/backend/internal/middleware/request_id.go:9.44,10.30 1 0
github.com/fleetflow/backend/internal/middleware/request_id.go:10.30,15.22 2 0
github.com/fleetflow/backend/internal/middleware/request_id.go:15.22,17.4 1 0
github.com/fleetflow/backend/internal/middleware/request_id.go:20.3,23.11 3 0
github.com/fleetflow/backend/internal/middleware/request_id.go:28.42,29.54 1 0
github.com/fleetflow/backend/internal/middleware/request_id.go:29.54,31.3 1 0
github.com/fleetflow/backend/internal/middleware/request_id.go:32.2,32.11 1 0
github.com/fleetflow/backend/internal/routes/routes.go:11.76,28.2 12 1
github.com/fleetflow/backend/internal/routes/routes.go:28.2,31.3 2 1
github.com/fleetflow/backend/internal/routes/routes.go:31.3,35.4 3 1
github.com/fleetflow/backend/internal/routes/routes.go:38.3,39.3 2 1
github.com/fleetflow/backend/internal/routes/routes.go:39.3,41.4 1 1
github.com/fleetflow/backend/internal/routes/routes.go:44.3,44.46 1 1
github.com/fleetflow/backend/internal/routes/routes.go:44.46,50.4 1 0
github.com/fleetflow/backend/internal/routes/routes.go:53.3,54.3 2 1
github.com/fleetflow/backend/internal/routes/routes.go:54.3,57.4 2 1
github.com/fleetflow/backend/internal/routes/routes.go:60.3,60.57 1 1
github.com/fleetflow/backend/internal/routes/routes.go:60.57,69.4 1 0
github.com/fleetflow/backend/internal/routes/routes.go:73.2,75.2 3 1
github.com/fleetflow/backend/internal/routes/routes.go:75.2,78.3 2 1
github.com/fleetflow/backend/internal/routes/routes.go:78.3,82.4 3 1
github.com/fleetflow/backend/internal/routes/routes.go:85.3,86.3 2 1
github.com/fleetflow/backend/internal/routes/routes.go:86.3,95.4 8 1
github.com/fleetflow/backend/internal/routes/routes.go:98.3,106.3 6 1
github.com/fleetflow/backend/internal/routes/routes.go:106.3,116.4 9 1
github.com/fleetflow/backend/internal/routes/routes.go:119.3,120.3 2 1
github.com/fleetflow/backend/internal/routes/routes.go:120.3,139.4 14 1
github.com/fleetflow/backend/internal/routes/routes.go:142.3,143.3 2 1
github.com/fleetflow/backend/internal/routes/routes.go:143.3,164.4 13 1
github.com/fleetflow/backend/internal/routes/routes.go:167.3,168.3 2 1
github.com/fleetflow/backend/internal/routes/routes.go:168.3,179.4 8 1
github.com/fleetflow/backend/internal/routes/routes.go:182.3,183.3 2 1
github.com/fleetflow/backend/internal/routes/routes.go:183.3,190.4 6 1
github.com/fleetflow/backend/internal/routes/routes.go:193.3,195.3 3 1
github.com/fleetflow/backend/internal/routes/routes.go:195.3,203.4 7 1
github.com/fleetflow/backend/internal/routes/routes.go:206.3,207.3 2 1
github.com/fleetflow/backend/internal/routes/routes.go:207.3,212.4 4 1
github.com/fleetflow/backend/internal/routes/routes.go:215.3,217.3 3 1
github.com/fleetflow/backend/internal/routes/routes.go:217.3,222.4 4 1
github.com/fleetflow/backend/internal/routes/routes.go:225.3,227.3 3 1
github.com/fleetflow/backend/internal/routes/routes.go:227.3,230.4 2 1
github.com/fleetflow/backend/internal/routes/routes.go:230.4,236.5 5 1
github.com/fleetflow/backend/internal/routes/routes.go:239.4,244.69 4 1
github.com/fleetflow/backend/internal/routes/routes.go:249.2,249.52 1 1
github.com/fleetflow/backend/internal/services/analytics.go:14.57,18.2 1 1
github.com/fleetflow/backend/internal/services/analytics.go:21.93,24.2 1 0
github.com/fleetflow/backend/internal/services/analytics.go:27.97,30.2 1 0
github.com/fleetflow/backend/internal/services/analytics.go:33.129,36.2 1 0
github.com/fleetflow/backend/internal/services/analytics.go:39.113,42.2 1 0
github.com/fleetflow/backend/internal/services/analytics.go:45.105,48.2 1 0
github.com/fleetflow/backend/internal/services/analytics.go:51.97,54.2 1 0
github.com/fleetflow/backend/internal/services/analytics.go:57.121,60.2 1 0
github.com/fleetflow/backend/internal/services/analytics.go:63.80,66.2 1 0
github.com/fleetflow/backend/internal/services/analytics.go:69.114,72.2 1 0
github.com/fleetflow/backend/internal/services/analytics.go:75.92,78.2 1 0
github.com/fleetflow/backend/internal/services/analytics.go:81.94,84.2 1 0
github.com/fleetflow/backend/internal/services/analytics.go:87.88,90.2 1 0
github.com/fleetflow/backend/internal/services/audit.go:14.49,18.2 1 1
github.com/fleetflow/backend/internal/services/audit.go:28.9,36.20 2 1
github.com/fleetflow/backend/internal/services/audit.go:36.20,47.3 10 1
github.com/fleetflow/backend/internal/services/audit.go:50.2,50.22 1 1
github.com/fleetflow/backend/internal/services/audit.go:50.22,51.58 1 0
github.com/fleetflow/backend/internal/services/audit.go:51.58,53.4 1 0
github.com/fleetflow/backend/internal/services/audit.go:56.2,56.22 1 1
github.com/fleetflow/backend/internal/services/audit.go:56.22,57.58 1 0
github.com/fleetflow/backend/internal/services/audit.go:57.58,59.4 1 0
github.com/fleetflow/backend/internal/services/audit.go:62.2,62.36 1 1
github.com/fleetflow/backend/internal/services/audit.go:71.9,79.20 2 0
github.com/fleetflow/backend/internal/services/audit.go:79.20,85.30 4 0
github.com/fleetflow/backend/internal/services/audit.go:85.30,87.4 1 0
github.com/fleetflow/backend/internal/services/audit.go:90.2,90.41 1 0
github.com/fleetflow/backend/internal/services/audit.go:94.120,101.34 4 0
github.com/fleetflow/backend/internal/services/audit.go:101.34,102.14 1 0
github.com/fleetflow/backend/internal/services/audit.go:103.17,104.44 1 0
github.com/fleetflow/backend/internal/services/audit.go:105.19,106.46 1 0
github.com/fleetflow/backend/internal/services/audit.go:107.18,108.45 1 0
github.com/fleetflow/backend/internal/services/audit.go:109.21,110.48 1 0
github.com/fleetflow/backend/internal/services/audit.go:111.20,112.49 1 0
github.com/fleetflow/backend/internal/services/audit.go:113.18,114.49 1 0
github.com/fleetflow/backend/internal/services/audit.go:119.2,119.50 1 0
github.com/fleetflow/backend/internal/services/audit.go:119.50,121.3 1 0
github.com/fleetflow/backend/internal/services/audit.go:124.2,128.33 2 0
github.com/fleetflow/backend/internal/services/audit.go:128.33,130.3 1 0
github.com/fleetflow/backend/internal/services/audit.go:132.2,132.25 1 0
github.com/fleetflow/backend/internal/services/audit.go:136.130,143.34 4 0
github.com/fleetflow/backend/internal/services/audit.go:143.34,144.14 1 0
github.com/fleetflow/backend/internal/services/audit.go:145.21,146.48 1 0
github.com/fleetflow/backend/internal/services/audit.go:147.17,148.44 1 0
github.com/fleetflow/backend/internal/services/audit.go:149.19,150.46 1 0
github.com/fleetflow/backend/internal/services/audit.go:151.18,152.45 1 0
github.com/fleetflow/backend/internal/services/audit.go:153.26,154.53 1 0
github.com/fleetflow/backend/internal/services/audit.go:155.20,156.49 1 0
github.com/fleetflow/backend/internal/services/audit.go:157.18,158.49 1 0
github.com/fleetflow/backend/internal/services/audit.go:163.2,163.50 1 0
github.com/fleetflow/backend/internal/services/audit.go:163.50,165.3 1 0
github.com/fleetflow/backend/internal/services/audit.go:168.2,172.35 2 0
github.com/fleetflow/backend/internal/services/audit.go:172.35,174.3 1 0
github.com/fleetflow/backend/internal/services/audit.go:176.2,176.27 1 0
github.com/fleetflow/backend/internal/services/audit.go:180.76,190.2 3 0
github.com/fleetflow/backend/internal/services/audit.go:193.137,201.21 2 0
github.com/fleetflow/backend/internal/services/audit.go:201.21,202.56 1 0
github.com/fleetflow/backend/internal/services/audit.go:202.56,204.4 1 0
github.com/fleetflow/backend/internal/services/audit.go:207.2,207.36 1 0
github.com/fleetflow/backend/internal/services/audit.go:211.126,218.21 2 0
github.com/fleetflow/backend/internal/services/audit.go:218.21,219.56 1 0
github.com/fleetflow/backend/internal/services/audit.go:219.56,221.4 1 0
github.com/fleetflow/backend/internal/services/audit.go:224.2,224.36 1 0
github.com/fleetflow/backend/internal/services/audit.go:235.9,245.22 2 0
github.com/fleetflow/backend/internal/services/audit.go:245.22,246.58 1 0
github.com/fleetflow/backend/internal/services/audit.go:246.58,248.4 1 0
github.com/fleetflow/backend/internal/services/audit.go:251.2,251.22 1 0
github.com/fleetflow/backend/internal/services/audit.go:251.22,252.58 1 0
github.com/fleetflow/backend/internal/services/audit.go:252.58,254.4 1 0
github.com/fleetflow/backend/internal/services/audit.go:257.2,257.36 1 0
github.com/fleetflow/backend/internal/services/audit.go:261.66,263.30 1 0
github.com/fleetflow/backend/internal/services/audit.go:263.30,266.3 1 0
github.com/fleetflow/backend/internal/services/audit.go:268.2,268.82 1 0
github.com/fleetflow/backend/internal/services/audit.go:272.102,279.2 2 0
github.com/fleetflow/backend/internal/services/auth.go:30.95,36.2 1 1
github.com/fleetflow/backend/internal/services/auth.go:50.100,56.128 3 1
github.com/fleetflow/backend/internal/services/auth.go:56.128,58.3 1 0
github.com/fleetflow/backend/internal/services/auth.go:61.2,62.16 2 1
github.com/fleetflow/backend/internal/services/auth.go:62.16,64.3 1 0
github.com/fleetflow/backend/internal/services/auth.go:67.2,67.30 1 1
github.com/fleetflow/backend/internal/services/auth.go:67.30,69.3 1 0
github.com/fleetflow/backend/internal/services/auth.go:72.2,80.59 2 1
github.com/fleetflow/backend/internal/services/auth.go:80.59,82.3 1 0
github.com/fleetflow/backend/internal/services/auth.go:86.2,86.30 1 1
github.com/fleetflow/backend/internal/services/auth.go:86.30,88.3 1 0
github.com/fleetflow/backend/internal/services/auth.go:91.2,97.29 2 1
github.com/fleetflow/backend/internal/services/auth.go:101.103,104.123 2 1
github.com/fleetflow/backend/internal/services/auth.go:104.123,113.3 2 0
github.com/fleetflow/backend/internal/services/auth.go:116.2,116.33 1 1
github.com/fleetflow/backend/internal/services/auth.go:116.33,118.3 1 0
github.com/fleetflow/backend/internal/services/auth.go:121.2,121.35 1 1
github.com/fleetflow/backend/internal/services/auth.go:121.35,123.3 1 0
github.com/fleetflow/backend/internal/services/auth.go:126.2,131.74 4 1
github.com/fleetflow/backend/internal/services/auth.go:131.74,132.45 1 0
github.com/fleetflow/backend/internal/services/auth.go:132.45,140.51 2 0
github.com/fleetflow/backend/internal/services/auth.go:140.51,142.5 1 0
github.com/fleetflow/backend/internal/services/auth.go:145.4,150.7 1 0
github.com/fleetflow/backend/internal/services/auth.go:151.9,153.4 1 0
github.com/fleetflow/backend/internal/services/auth.go:157.2,157.20 1 1
github.com/fleetflow/backend/internal/services/auth.go:157.20,159.3 1 0
github.com/fleetflow/backend/internal/services/auth.go:162.2,167.26 4 1
github.com/fleetflow/backend/internal/services/auth.go:167.26,169.3 1 1
github.com/fleetflow/backend/internal/services/auth.go:172.2,179.19 2 1
github.com/fleetflow/backend/internal/services/auth.go:183.77,185.74 2 0
github.com/fleetflow/backend/internal/services/auth.go:185.74,187.3 1 0
github.com/fleetflow/backend/internal/services/auth.go:188.2,188.19 1 0
github.com/fleetflow/backend/internal/services/auth.go:192.115,194.56 2 0
github.com/fleetflow/backend/internal/services/auth.go:194.56,196.3 1 0
github.com/fleetflow/backend/internal/services/auth.go:199.2,202.65 2 0
github.com/fleetflow/backend/internal/services/auth.go:202.65,204.3 1 0
github.com/fleetflow/backend/internal/services/auth.go:207.2,215.19 3 0
github.com/fleetflow/backend/internal/services/auth.go:219.90,223.2 1 0
github.com/fleetflow/backend/internal/services/auth.go:226.72,228.56 2 0
github.com/fleetflow/backend/internal/services/auth.go:228.56,230.3 1 0
github.com/fleetflow/backend/internal/services/auth.go:232.2,235.47 3 0
github.com/fleetflow/backend/internal/services/auth.go:235.47,237.3 1 0
github.com/fleetflow/backend/internal/services/auth.go:240.2,245.12 2 0
github.com/fleetflow/backend/internal/services/auth.go:249.98,252.82 2 0
github.com/fleetflow/backend/internal/services/auth.go:252.82,254.3 1 0
github.com/fleetflow/backend/internal/services/auth.go:257.2,263.49 2 0
github.com/fleetflow/backend/internal/services/auth.go:263.49,265.3 1 0
github.com/fleetflow/backend/internal/services/auth.go:268.2,273.19 2 0
github.com/fleetflow/backend/internal/services/auth.go:277.53,279.16 2 1
github.com/fleetflow/backend/internal/services/auth.go:279.16,281.3 1 0
github.com/fleetflow/backend/internal/services/auth.go:282.2,282.44 1 1
github.com/fleetflow/backend/internal/services/auth.go:286.69,289.2 2 0
github.com/fleetflow/backend/internal/services/auth.go:292.65,295.2 2 0
github.com/fleetflow/backend/internal/services/auth.go:301.14,303.2 0 1
github.com/fleetflow/backend/internal/services/compliance.go:140.79,146.2 1 0
github.com/fleetflow/backend/internal/services/compliance.go:149.134,154.16 3 0
github.com/fleetflow/backend/internal/services/compliance.go:154.16,156.3 1 0
github.com/fleetflow/backend/internal/services/compliance.go:159.2,160.16 2 0
github.com/fleetflow/backend/internal/services/compliance.go:160.16,163.3 1 0
github.com/fleetflow/backend/internal/services/compliance.go:166.2,167.16 2 0
github.com/fleetflow/backend/internal/services/compliance.go:167.16,170.3 1 0
github.com/fleetflow/backend/internal/services/compliance.go:173.2,190.8 4 0
github.com/fleetflow/backend/internal/services/compliance.go:194.128,199.16 3 0
github.com/fleetflow/backend/internal/services/compliance.go:199.16,201.3 1 0
github.com/fleetflow/backend/internal/services/compliance.go:204.2,205.16 2 0
github.com/fleetflow/backend/internal/services/compliance.go:205.16,207.3 1 0
github.com/fleetflow/backend/internal/services/compliance.go:210.2,225.8 4 0
github.com/fleetflow/backend/internal/services/compliance.go:229.81,237.16 3 0
github.com/fleetflow/backend/internal/services/compliance.go:237.16,239.3 1 0
github.com/fleetflow/backend/internal/services/compliance.go:242.2,242.35 1 0
github.com/fleetflow/backend/internal/services/compliance.go:242.35,244.17 2 0
github.com/fleetflow/backend/internal/services/compliance.go:244.17,246.12 2 0
github.com/fleetflow/backend/internal/services/compliance.go:250.3,250.67 1 0
github.com/fleetflow/backend/internal/services/compliance.go:250.67,252.4 1 0
github.com/fleetflow/backend/internal/services/compliance.go:255.3,255.73 1 0
github.com/fleetflow/backend/internal/services/compliance.go:255.73,257.4 1 0
github.com/fleetflow/backend/internal/services/compliance.go:261.2,262.16 2 0
github.com/fleetflow/backend/internal/services/compliance.go:262.16,264.3 1 0
github.com/fleetflow/backend/internal/services/compliance.go:266.2,266.33 1 0
github.com/fleetflow/backend/internal/services/compliance.go:266.33,268.17 2 0
github.com/fleetflow/backend/internal/services/compliance.go:268.17,270.12 2 0
github.com/fleetflow/backend/internal/services/compliance.go:274.3,274.66 1 0
github.com/fleetflow/backend/internal/services/compliance.go:274.66,276.4 1 0
github.com/fleetflow/backend/internal/services/compliance.go:279.2,280.12 2 0
github.com/fleetflow/backend/internal/services/compliance.go:284.148,289.16 3 0
github.com/fleetflow/backend/internal/services/compliance.go:289.16,291.3 1 0
github.com/fleetflow/backend/internal/services/compliance.go:294.2,295.16 2 0
github.com/fleetflow/backend/internal/services/compliance.go:295.16,297.3 1 0
github.com/fleetflow/backend/internal/services/compliance.go:300.2,319.16 5 0
github.com/fleetflow/backend/internal/services/compliance.go:319.16,321.3 1 0
github.com/fleetflow/backend/internal/services/compliance.go:321.8,323.3 1 0
github.com/fleetflow/backend/internal/services/compliance.go:325.2,325.20 1 0
github.com/fleetflow/backend/internal/services/compliance.go:330.115,337.16 3 0
github.com/fleetflow/backend/internal/services/compliance.go:337.16,339.3 1 0
github.com/fleetflow/backend/internal/services/compliance.go:340.2,342.38 2 0
github.com/fleetflow/backend/internal/services/compliance.go:342.38,344.3 1 0
github.com/fleetflow/backend/internal/services/compliance.go:346.2,347.16 2 0
github.com/fleetflow/backend/internal/services/compliance.go:347.16,349.3 1 0
github.com/fleetflow/backend/internal/services/compliance.go:351.2,352.60 2 0
github.com/fleetflow/backend/internal/services/compliance.go:352.60,354.3 1 0
github.com/fleetflow/backend/internal/services/compliance.go:356.2,356.27 1 0
github.com/fleetflow/backend/internal/services/compliance.go:359.120,365.16 3 0
github.com/fleetflow/backend/internal/services/compliance.go:365.16,367.3 1 0
github.com/fleetflow/backend/internal/services/compliance.go:368.2,371.16 3 0
github.com/fleetflow/backend/internal/services/compliance.go:371.16,373.3 1 0
github.com/fleetflow/backend/internal/services/compliance.go:375.2,376.60 2 0
github.com/fleetflow/backend/internal/services/compliance.go:376.60,378.3 1 0
github.com/fleetflow/backend/internal/services/compliance.go:380.2,380.27 1 0
github.com/fleetflow/backend/internal/services/compliance.go:383.118,389.16 3 0
github.com/fleetflow/backend/internal/services/compliance.go:389.16,391.3 1 0
github.com/fleetflow/backend/internal/services/compliance.go:392.2,395.16 3 0
github.com/fleetflow/backend/internal/services/compliance.go:395.16,397.3 1 0
github.com/fleetflow/backend/internal/services/compliance.go:399.2,400.51 2 0
github.com/fleetflow/backend/internal/services/compliance.go:400.51,402.3 1 0
github.com/fleetflow/backend/internal/services/compliance.go:404.2,404.18 1 0
github.com/fleetflow/backend/internal/services/compliance.go:409.146,413.32 2 0
github.com/fleetflow/backend/internal/services/compliance.go:413.32,414.33 1 0
github.com/fleetflow/backend/internal/services/compliance.go:414.33,416.52 2 0
github.com/fleetflow/backend/internal/services/compliance.go:416.52,418.5 1 0
github.com/fleetflow/backend/internal/services/compliance.go:419.4,419.41 1 0
github.com/fleetflow/backend/internal/services/compliance.go:419.41,421.5 1 0
github.com/fleetflow/backend/internal/services/compliance.go:423.4,432.6 1 0
github.com/fleetflow/backend/internal/services/compliance.go:437.2,437.23 1 0
github.com/fleetflow/backend/internal/services/compliance.go:437.23,438.51 1 0
github.com/fleetflow/backend/internal/services/compliance.go:438.51,439.37 1 0
github.com/fleetflow/backend/internal/services/compliance.go:439.37,449.5 1 0
github.com/fleetflow/backend/internal/services/compliance.go:453.2,453.15 1 0
github.com/fleetflow/backend/internal/services/compliance.go:456.134,460.32 2 0
github.com/fleetflow/backend/internal/services/compliance.go:460.32,461.33 1 0
github.com/fleetflow/backend/internal/services/compliance.go:461.33,463.53 2 0
github.com/fleetflow/backend/internal/services/compliance.go:463.53,465.5 1 0
github.com/fleetflow/backend/internal/services/compliance.go:466.4,466.41 1 0
github.com/fleetflow/backend/internal/services/compliance.go:466.41,468.5 1 0
github.com/fleetflow/backend/internal/services/compliance.go:470.4,479.6 1 0
github.com/fleetflow/backend/internal/services/compliance.go:483.2,483.15 1 0
github.com/fleetflow/backend/internal/services/compliance.go:488.117,493.38 3 0
github.com/fleetflow/backend/internal/services/compliance.go:493.38,495.33 2 0
github.com/fleetflow/backend/internal/services/compliance.go:495.33,496.51 1 0
github.com/fleetflow/backend/internal/services/compliance.go:496.51,498.10 2 0
github.com/fleetflow/backend/internal/services/compliance.go:501.3,501.13 1 0
github.com/fleetflow/backend/internal/services/compliance.go:501.13,503.4 1 0
github.com/fleetflow/backend/internal/services/compliance.go:507.2,507.31 1 0
github.com/fleetflow/backend/internal/services/compliance.go:507.31,508.25 1 0
github.com/fleetflow/backend/internal/services/compliance.go:509.19,510.15 1 0
github.com/fleetflow/backend/internal/services/compliance.go:511.15,512.15 1 0
github.com/fleetflow/backend/internal/services/compliance.go:513.17,514.15 1 0
github.com/fleetflow/backend/internal/services/compliance.go:515.14,516.14 1 0
github.com/fleetflow/backend/internal/services/compliance.go:520.2,520.15 1 0
github.com/fleetflow/backend/internal/services/compliance.go:520.15,522.3 1 0
github.com/fleetflow/backend/internal/services/compliance.go:524.2,524.14 1 0
github.com/fleetflow/backend/internal/services/compliance.go:527.113,532.38 3 0
github.com/fleetflow/backend/internal/services/compliance.go:532.38,534.33 2 0
github.com/fleetflow/backend/internal/services/compliance.go:534.33,535.51 1 0
github.com/fleetflow/backend/internal/services/compliance.go:535.51,537.10 2 0
github.com/fleetflow/backend/internal/services/compliance.go:540.3,540.13 1 0
github.com/fleetflow/backend/internal/services/compliance.go:540.13,542.4 1 0
github.com/fleetflow/backend/internal/services/compliance.go:546.2,546.31 1 0
github.com/fleetflow/backend/internal/services/compliance.go:546.31,547.25 1 0
github.com/fleetflow/backend/internal/services/compliance.go:548.19,549.15 1 0
github.com/fleetflow/backend/internal/services/compliance.go:550.15,551.15 1 0
github.com/fleetflow/backend/internal/services/compliance.go:552.17,553.15 1 0
github.com/fleetflow/backend/internal/services/compliance.go:554.14,555.14 1 0
github.com/fleetflow/backend/internal/services/compliance.go:559.2,559.15 1 0
github.com/fleetflow/backend/internal/services/compliance.go:559.15,561.3 1 0
github.com/fleetflow/backend/internal/services/compliance.go:563.2,563.14 1 0
github.com/fleetflow/backend/internal/services/compliance.go:568.78,571.2 2 0
github.com/fleetflow/backend/internal/services/compliance.go:573.100,574.17 1 0
github.com/fleetflow/backend/internal/services/compliance.go:574.17,576.3 1 0
github.com/fleetflow/backend/internal/services/compliance.go:578.2,578.31 1 0
github.com/fleetflow/backend/internal/services/compliance.go:578.31,579.35 1 0
github.com/fleetflow/backend/internal/services/compliance.go:579.35,581.4 1 0
github.com/fleetflow/backend/internal/services/compliance.go:584.2,584.17 1 0
github.com/fleetflow/backend/internal/services/compliance.go:584.17,586.3 1 0
github.com/fleetflow/backend/internal/services/compliance.go:588.2,588.24 1 0
github.com/fleetflow/backend/internal/services/compliance.go:591.87,592.22 1 0
github.com/fleetflow/backend/internal/services/compliance.go:592.22,594.3 1 0
github.com/fleetflow/backend/internal/services/compliance.go:597.2,598.31 2 0
github.com/fleetflow/backend/internal/services/compliance.go:598.31,599.21 1 0
github.com/fleetflow/backend/internal/services/compliance.go:599.21,600.12 1 0
github.com/fleetflow/backend/internal/services/compliance.go:603.3,605.113 1 0
github.com/fleetflow/backend/internal/services/compliance.go:605.113,607.4 1 0
github.com/fleetflow/backend/internal/services/compliance.go:610.2,610.19 1 0
github.com/fleetflow/backend/internal/services/compliance.go:613.74,614.24 1 0
github.com/fleetflow/backend/internal/services/compliance.go:615.18,616.11 1 0
github.com/fleetflow/backend/internal/services/compliance.go:617.14,618.11 1 0
github.com/fleetflow/backend/internal/services/compliance.go:619.16,620.11 1 0
github.com/fleetflow/backend/internal/services/compliance.go:621.13,622.11 1 0
github.com/fleetflow/backend/internal/services/compliance.go:623.10,624.11 1 0
github.com/fleetflow/backend/internal/services/compliance.go:630.119,633.2 1 0
github.com/fleetflow/backend/internal/services/compliance.go:635.117,638.2 1 0
github.com/fleetflow/backend/internal/services/compliance.go:640.111,643.2 1 0
github.com/fleetflow/backend/internal/services/compliance.go:645.107,648.2 1 0
github.com/fleetflow/backend/internal/services/compliance.go:650.110,653.2 1 0
github.com/fleetflow/backend/internal/services/compliance.go:655.108,658.2 1 0
github.com/fleetflow/backend/internal/services/compliance.go:660.116,663.2 1 0
github.com/fleetflow/backend/internal/services/compliance.go:665.125,668.2 1 0
github.com/fleetflow/backend/internal/services/compliance.go:670.125,673.2 1 0
github.com/fleetflow/backend/internal/services/compliance.go:675.129,682.26 2 0
github.com/fleetflow/backend/internal/services/compliance.go:682.26,683.30 1 0
github.com/fleetflow/backend/internal/services/compliance.go:683.30,685.4 1 0
github.com/fleetflow/backend/internal/services/compliance.go:686.3,686.34 1 0
github.com/fleetflow/backend/internal/services/compliance.go:686.34,687.36 1 0
github.com/fleetflow/backend/internal/services/compliance.go:687.36,689.5 1 0
github.com/fleetflow/backend/internal/services/compliance.go:693.2,693.28 1 0
github.com/fleetflow/backend/internal/services/compliance.go:693.28,694.30 1 0
github.com/fleetflow/backend/internal/services/compliance.go:694.30,696.4 1 0
github.com/fleetflow/backend/internal/services/compliance.go:699.2,699.59 1 0
github.com/fleetflow/backend/internal/services/compliance.go:699.59,702.3 1 0
github.com/fleetflow/backend/internal/services/compliance.go:704.2,704.16 1 0
github.com/fleetflow/backend/internal/services/compliance.go:707.118,711.20 2 0
github.com/fleetflow/backend/internal/services/compliance.go:711.20,713.27 2 0
github.com/fleetflow/backend/internal/services/compliance.go:713.27,714.35 1 0
github.com/fleetflow/backend/internal/services/compliance.go:714.35,716.5 1 0
github.com/fleetflow/backend/internal/services/compliance.go:718.3,718.23 1 0
github.com/fleetflow/backend/internal/services/compliance.go:718.23,721.4 1 0
github.com/fleetflow/backend/internal/services/compliance.go:724.2,731.24 2 0
github.com/fleetflow/backend/internal/services/compliance.go:734.111,738.2 1 0
github.com/fleetflow/backend/internal/services/container.go:38.63,58.25 13 1
github.com/fleetflow/backend/internal/services/container.go:58.25,61.3 2 0
github.com/fleetflow/backend/internal/services/container.go:61.8,64.3 2 1
github.com/fleetflow/backend/internal/services/container.go:67.2,79.18 4 1
github.com/fleetflow/backend/internal/services/container.go:83.48,88.16 3 0
github.com/fleetflow/backend/internal/services/container.go:88.16,90.3 1 0
github.com/fleetflow/backend/internal/services/container.go:90.8,90.44 1 0
github.com/fleetflow/backend/internal/services/container.go:90.44,92.3 1 0
github.com/fleetflow/backend/internal/services/container.go:92.8,94.3 1 0
github.com/fleetflow/backend/internal/services/container.go:97.2,97.25 1 0
github.com/fleetflow/backend/internal/services/container.go:97.25,98.47 1 0
github.com/fleetflow/backend/internal/services/container.go:98.47,100.4 1 0
github.com/fleetflow/backend/internal/services/container.go:100.9,102.4 1 0
github.com/fleetflow/backend/internal/services/container.go:105.2,105.29 1 0
github.com/fleetflow/backend/internal/services/container.go:105.29,106.51 1 0
github.com/fleetflow/backend/internal/services/container.go:106.51,108.4 1 0
github.com/fleetflow/backend/internal/services/container.go:108.9,110.4 1 0
github.com/fleetflow/backend/internal/services/container.go:114.2,114.27 1 0
github.com/fleetflow/backend/internal/services/container.go:114.27,116.3 1 0
github.com/fleetflow/backend/internal/services/container.go:119.2,119.30 1 0
github.com/fleetflow/backend/internal/services/container.go:119.30,121.3 1 0
github.com/fleetflow/backend/internal/services/container.go:123.2,123.15 1 0
github.com/fleetflow/backend/internal/services/container.go:127.35,129.27 1 0
github.com/fleetflow/backend/internal/services/container.go:129.27,131.3 1 0
github.com/fleetflow/backend/internal/services/container.go:134.2,134.17 1 0
github.com/fleetflow/backend/internal/services/container.go:134.17,136.17 2 0
github.com/fleetflow/backend/internal/services/container.go:136.17,138.4 1 0
github.com/fleetflow/backend/internal/services/container.go:139.3,139.23 1 0
github.com/fleetflow/backend/internal/services/container.go:142.2,142.12 1 0
github.com/fleetflow/backend/internal/services/driver.go:41.79,46.2 1 1
github.com/fleetflow/backend/internal/services/driver.go:49.85,52.91 2 0
github.com/fleetflow/backend/internal/services/driver.go:52.91,54.3 1 0
github.com/fleetflow/backend/internal/services/driver.go:57.2,57.50 1 0
github.com/fleetflow/backend/internal/services/driver.go:57.50,59.3 1 0
github.com/fleetflow/backend/internal/services/driver.go:62.2,72.20 2 0
github.com/fleetflow/backend/internal/services/driver.go:76.72,78.70 2 0
github.com/fleetflow/backend/internal/services/driver.go:78.70,80.3 1 0
github.com/fleetflow/backend/internal/services/driver.go:81.2,81.21 1 0
github.com/fleetflow/backend/internal/services/driver.go:85.117,92.34 4 0
github.com/fleetflow/backend/internal/services/driver.go:92.34,93.14 1 0
github.com/fleetflow/backend/internal/services/driver.go:94.17,95.44 1 0
github.com/fleetflow/backend/internal/services/driver.go:96.20,97.47 1 0
github.com/fleetflow/backend/internal/services/driver.go:98.17,101.40 2 0
github.com/fleetflow/backend/internal/services/driver.go:102.27,103.20 1 0
github.com/fleetflow/backend/internal/services/driver.go:103.20,106.5 1 0
github.com/fleetflow/backend/internal/services/driver.go:111.2,111.50 1 0
github.com/fleetflow/backend/internal/services/driver.go:111.50,113.3 1 0
github.com/fleetflow/backend/internal/services/driver.go:116.2,119.36 2 0
github.com/fleetflow/backend/internal/services/driver.go:119.36,121.3 1 0
github.com/fleetflow/backend/internal/services/driver.go:123.2,123.28 1 0
github.com/fleetflow/backend/internal/services/driver.go:127.85,128.48 1 0
github.com/fleetflow/backend/internal/services/driver.go:128.48,130.3 1 0
github.com/fleetflow/backend/internal/services/driver.go:132.2,132.20 1 0
github.com/fleetflow/backend/internal/services/driver.go:136.53,137.64 1 0
github.com/fleetflow/backend/internal/services/driver.go:137.64,139.3 1 0
github.com/fleetflow/backend/internal/services/driver.go:141.2,141.12 1 0
github.com/fleetflow/backend/internal/services/driver.go:145.89,146.104 1 0
github.com/fleetflow/backend/internal/services/driver.go:146.104,148.3 1 0
github.com/fleetflow/backend/internal/services/driver.go:150.2,150.12 1 0
github.com/fleetflow/backend/internal/services/driver.go:154.111,158.16 2 0
github.com/fleetflow/backend/internal/services/driver.go:158.16,160.3 1 0
github.com/fleetflow/backend/internal/services/driver.go:162.2,171.8 1 0
github.com/fleetflow/backend/internal/services/driver.go:175.88,179.16 2 0
github.com/fleetflow/backend/internal/services/driver.go:179.16,181.3 1 0
github.com/fleetflow/backend/internal/services/driver.go:183.2,191.8 1 0
github.com/fleetflow/backend/internal/services/driver.go:195.127,199.107 2 0
github.com/fleetflow/backend/internal/services/driver.go:199.107,201.3 1 0
github.com/fleetflow/backend/internal/services/driver.go:203.2,204.33 2 0
github.com/fleetflow/backend/internal/services/driver.go:204.33,211.3 1 0
github.com/fleetflow/backend/internal/services/driver.go:213.2,213.30 1 0
github.com/fleetflow/backend/internal/services/driver.go:217.85,241.2 14 0
github.com/fleetflow/backend/internal/services/driver.go:244.114,246.16 1 0
github.com/fleetflow/backend/internal/services/driver.go:246.17,246.18 0 0
github.com/fleetflow/backend/internal/services/driver.go:249.120,251.16 1 0
github.com/fleetflow/backend/internal/services/driver.go:251.17,251.18 0 0
github.com/fleetflow/backend/internal/services/fuel.go:20.75,25.2 1 1
github.com/fleetflow/backend/internal/services/fuel.go:28.91,30.24 1 0
github.com/fleetflow/backend/internal/services/fuel.go:30.24,32.3 1 0
github.com/fleetflow/backend/internal/services/fuel.go:35.2,40.22 4 0
github.com/fleetflow/backend/internal/services/fuel.go:40.22,43.3 2 0
github.com/fleetflow/backend/internal/services/fuel.go:43.8,43.30 1 0
github.com/fleetflow/backend/internal/services/fuel.go:43.30,46.3 2 0
github.com/fleetflow/backend/internal/services/fuel.go:49.2,49.49 1 0
github.com/fleetflow/backend/internal/services/fuel.go:49.49,51.3 1 0
github.com/fleetflow/backend/internal/services/fuel.go:54.2,54.23 1 0
github.com/fleetflow/backend/internal/services/fuel.go:54.23,70.3 3 0
github.com/fleetflow/backend/internal/services/fuel.go:73.2,73.35 1 0
github.com/fleetflow/backend/internal/services/fuel.go:73.35,75.3 1 0
github.com/fleetflow/backend/internal/services/fuel.go:77.2,77.19 1 0
github.com/fleetflow/backend/internal/services/fuel.go:81.76,83.90 2 0
github.com/fleetflow/backend/internal/services/fuel.go:83.90,85.3 1 0
github.com/fleetflow/backend/internal/services/fuel.go:88.2,88.50 1 0
github.com/fleetflow/backend/internal/services/fuel.go:88.50,90.3 1 0
github.com/fleetflow/backend/internal/services/fuel.go:91.2,91.26 1 0
github.com/fleetflow/backend/internal/services/fuel.go:91.26,93.3 1 0
github.com/fleetflow/backend/internal/services/fuel.go:95.2,95.20 1 0
github.com/fleetflow/backend/internal/services/fuel.go:99.121,106.72 4 0
github.com/fleetflow/backend/internal/services/fuel.go:106.72,108.3 1 0
github.com/fleetflow/backend/internal/services/fuel.go:109.2,109.69 1 0
github.com/fleetflow/backend/internal/services/fuel.go:109.69,111.3 1 0
github.com/fleetflow/backend/internal/services/fuel.go:112.2,112.66 1 0
github.com/fleetflow/backend/internal/services/fuel.go:112.66,114.3 1 0
github.com/fleetflow/backend/internal/services/fuel.go:115.2,115.60 1 0
github.com/fleetflow/backend/internal/services/fuel.go:115.60,117.3 1 0
github.com/fleetflow/backend/internal/services/fuel.go:118.2,118.56 1 0
github.com/fleetflow/backend/internal/services/fuel.go:118.56,120.3 1 0
github.com/fleetflow/backend/internal/services/fuel.go:123.2,127.103 3 0
github.com/fleetflow/backend/internal/services/fuel.go:127.103,129.3 1 0
github.com/fleetflow/backend/internal/services/fuel.go:132.2,132.24 1 0
github.com/fleetflow/backend/internal/services/fuel.go:132.24,133.59 1 0
github.com/fleetflow/backend/internal/services/fuel.go:133.59,135.4 1 0
github.com/fleetflow/backend/internal/services/fuel.go:136.3,136.31 1 0
github.com/fleetflow/backend/internal/services/fuel.go:136.31,138.4 1 0
github.com/fleetflow/backend/internal/services/fuel.go:141.2,141.27 1 0
github.com/fleetflow/backend/internal/services/fuel.go:145.85,157.16 3 0
github.com/fleetflow/backend/internal/services/fuel.go:157.16,159.3 1 0
github.com/fleetflow/backend/internal/services/fuel.go:162.2,166.12 2 0
github.com/fleetflow/backend/internal/services/fuel.go:170.86,182.16 3 0
github.com/fleetflow/backend/internal/services/fuel.go:182.16,184.3 1 0
github.com/fleetflow/backend/internal/services/fuel.go:187.2,191.12 2 0
github.com/fleetflow/backend/internal/services/fuel.go:195.116,216.19 8 0
github.com/fleetflow/backend/internal/services/fuel.go:216.19,220.3 2 0
github.com/fleetflow/backend/internal/services/fuel.go:223.2,250.23 9 0
github.com/fleetflow/backend/internal/services/fuel.go:254.121,264.28 7 0
github.com/fleetflow/backend/internal/services/fuel.go:264.28,266.3 1 0
github.com/fleetflow/backend/internal/services/fuel.go:267.2,272.20 4 0
github.com/fleetflow/backend/internal/services/fuel.go:272.20,274.3 1 0
github.com/fleetflow/backend/internal/services/fuel.go:275.2,280.21 4 0
github.com/fleetflow/backend/internal/services/fuel.go:280.21,282.3 1 0
github.com/fleetflow/backend/internal/services/fuel.go:283.2,288.25 4 0
github.com/fleetflow/backend/internal/services/fuel.go:288.25,290.3 1 0
github.com/fleetflow/backend/internal/services/fuel.go:291.2,296.22 4 0
github.com/fleetflow/backend/internal/services/fuel.go:296.22,298.3 1 0
github.com/fleetflow/backend/internal/services/fuel.go:299.2,304.23 3 0
github.com/fleetflow/backend/internal/services/fuel.go:304.23,306.3 1 0
github.com/fleetflow/backend/internal/services/fuel.go:306.8,306.30 1 0
github.com/fleetflow/backend/internal/services/fuel.go:306.30,308.3 1 0
github.com/fleetflow/backend/internal/services/fuel.go:308.8,308.30 1 0
github.com/fleetflow/backend/internal/services/fuel.go:308.30,310.3 1 0
github.com/fleetflow/backend/internal/services/fuel.go:310.8,312.3 1 0
github.com/fleetflow/backend/internal/services/fuel.go:314.2,315.37 2 0
github.com/fleetflow/backend/internal/services/fuel.go:319.106,329.21 5 0
github.com/fleetflow/backend/internal/services/fuel.go:329.21,332.3 2 0
github.com/fleetflow/backend/internal/services/fuel.go:335.2,337.27 3 0
github.com/fleetflow/backend/internal/services/fuel.go:337.27,341.3 2 0
github.com/fleetflow/backend/internal/services/fuel.go:343.2,343.23 1 0
github.com/fleetflow/backend/internal/services/fuel.go:343.23,345.3 1 0
github.com/fleetflow/backend/internal/services/fuel.go:348.2,351.24 2 0
github.com/fleetflow/backend/internal/services/fuel.go:351.24,354.22 2 0
github.com/fleetflow/backend/internal/services/fuel.go:354.22,357.4 2 0
github.com/fleetflow/backend/internal/services/fuel.go:357.9,357.29 1 0
github.com/fleetflow/backend/internal/services/fuel.go:357.29,360.4 2 0
github.com/fleetflow/backend/internal/services/fuel.go:360.9,360.29 1 0
github.com/fleetflow/backend/internal/services/fuel.go:360.29,363.4 2 0
github.com/fleetflow/backend/internal/services/fuel.go:366.2,366.24 1 0
github.com/fleetflow/backend/internal/services/fuel.go:370.108,372.53 1 0
github.com/fleetflow/backend/internal/services/fuel.go:372.53,375.3 2 0
github.com/fleetflow/backend/internal/services/fuel.go:377.2,381.54 3 0
github.com/fleetflow/backend/internal/services/fuel.go:381.54,384.3 2 0
github.com/fleetflow/backend/internal/services/fuel.go:388.2,389.21 2 0
github.com/fleetflow/backend/internal/services/fuel.go:389.21,392.3 2 0
github.com/fleetflow/backend/internal/services/fuel.go:395.2,395.34 1 0
github.com/fleetflow/backend/internal/services/fuel.go:395.34,398.3 2 0
github.com/fleetflow/backend/internal/services/fuel.go:400.2,400.24 1 0
github.com/fleetflow/backend/internal/services/fuel.go:404.104,409.28 3 0
github.com/fleetflow/backend/internal/services/fuel.go:409.28,412.3 2 0
github.com/fleetflow/backend/internal/services/fuel.go:415.2,415.60 1 0
github.com/fleetflow/backend/internal/services/fuel.go:415.60,419.3 2 0
github.com/fleetflow/backend/internal/services/fuel.go:422.2,427.27 4 0
github.com/fleetflow/backend/internal/services/fuel.go:427.27,430.3 2 0
github.com/fleetflow/backend/internal/services/fuel.go:432.2,432.24 1 0
github.com/fleetflow/backend/internal/services/fuel.go:436.106,441.68 3 0
github.com/fleetflow/backend/internal/services/fuel.go:441.68,444.3 2 0
github.com/fleetflow/backend/internal/services/fuel.go:446.2,449.29 2 0
github.com/fleetflow/backend/internal/services/fuel.go:449.29,452.3 2 0
github.com/fleetflow/backend/internal/services/fuel.go:455.2,455.33 1 0
github.com/fleetflow/backend/internal/services/fuel.go:455.33,458.3 2 0
github.com/fleetflow/backend/internal/services/fuel.go:461.2,461.20 1 0
github.com/fleetflow/backend/internal/services/fuel.go:461.20,464.3 2 0
github.com/fleetflow/backend/internal/services/fuel.go:467.2,467.41 1 0
github.com/fleetflow/backend/internal/services/fuel.go:467.41,474.31 4 0
github.com/fleetflow/backend/internal/services/fuel.go:474.31,477.4 2 0
github.com/fleetflow/backend/internal/services/fuel.go:477.9,477.38 1 0
github.com/fleetflow/backend/internal/services/fuel.go:477.38,480.4 2 0
github.com/fleetflow/backend/internal/services/fuel.go:483.2,483.24 1 0
github.com/fleetflow/backend/internal/services/fuel.go:487.103,489.26 1 0
github.com/fleetflow/backend/internal/services/fuel.go:489.26,496.45 3 0
github.com/fleetflow/backend/internal/services/fuel.go:496.45,500.24 2 0
github.com/fleetflow/backend/internal/services/fuel.go:500.24,503.5 2 0
github.com/fleetflow/backend/internal/services/fuel.go:506.4,506.27 1 0
github.com/fleetflow/backend/internal/services/fuel.go:506.27,509.5 2 0
github.com/fleetflow/backend/internal/services/fuel.go:515.2,515.27 1 0
github.com/fleetflow/backend/internal/services/fuel.go:515.27,518.3 2 0
github.com/fleetflow/backend/internal/services/fuel.go:520.2,520.24 1 0
github.com/fleetflow/backend/internal/services/fuel.go:525.65,529.2 1 0
github.com/fleetflow/backend/internal/services/fuel.go:531.63,535.2 1 0
github.com/fleetflow/backend/internal/services/fuel.go:537.43,538.23 1 0
github.com/fleetflow/backend/internal/services/fuel.go:538.23,540.3 1 0
github.com/fleetflow/backend/internal/services/fuel.go:541.2,542.33 2 0
github.com/fleetflow/backend/internal/services/fuel.go:542.33,543.12 1 0
github.com/fleetflow/backend/internal/services/fuel.go:543.12,545.4 1 0
github.com/fleetflow/backend/internal/services/fuel.go:546.3,546.19 1 0
github.com/fleetflow/backend/internal/services/fuel.go:548.2,548.15 1 0
github.com/fleetflow/backend/internal/services/fuel.go:552.133,555.39 2 0
github.com/fleetflow/backend/internal/services/fuel.go:555.39,558.17 2 0
github.com/fleetflow/backend/internal/services/fuel.go:558.17,560.12 2 0
github.com/fleetflow/backend/internal/services/fuel.go:563.3,578.36 2 0
github.com/fleetflow/backend/internal/services/fuel.go:581.2,581.21 1 0
github.com/fleetflow/backend/internal/services/fuel.go:585.130,591.59 3 0
github.com/fleetflow/backend/internal/services/fuel.go:591.59,593.3 1 0
github.com/fleetflow/backend/internal/services/fuel.go:595.2,595.21 1 0
github.com/fleetflow/backend/internal/services/fuel.go:595.21,612.3 1 0
github.com/fleetflow/backend/internal/services/fuel.go:615.2,645.33 7 0
github.com/fleetflow/backend/internal/services/fuel.go:652.3,653.21 1 0
github.com/fleetflow/backend/internal/services/fuel.go:653.21,658.3 1 0
github.com/fleetflow/backend/internal/services/fuel.go:661.2,662.35 2 0
github.com/fleetflow/backend/internal/services/fuel.go:662.35,666.3 2 0
github.com/fleetflow/backend/internal/services/fuel.go:669.2,671.71 3 0
github.com/fleetflow/backend/internal/services/fuel.go:671.71,673.3 1 0
github.com/fleetflow/backend/internal/services/fuel.go:674.2,682.28 5 0
github.com/fleetflow/backend/internal/services/fuel.go:682.28,686.32 3 0
github.com/fleetflow/backend/internal/services/fuel.go:686.32,688.4 1 0
github.com/fleetflow/backend/internal/services/fuel.go:688.9,688.39 1 0
github.com/fleetflow/backend/internal/services/fuel.go:688.39,690.4 1 0
github.com/fleetflow/backend/internal/services/fuel.go:690.9,692.4 1 0
github.com/fleetflow/backend/internal/services/fuel.go:696.2,702.78 3 0
github.com/fleetflow/backend/internal/services/fuel.go:706.89,707.21 1 0
github.com/fleetflow/backend/internal/services/fuel.go:707.21,709.3 1 0
github.com/fleetflow/backend/internal/services/fuel.go:712.2,713.31 2 0
github.com/fleetflow/backend/internal/services/fuel.go:713.31,721.3 2 0
github.com/fleetflow/backend/internal/services/fuel.go:724.2,725.26 2 0
github.com/fleetflow/backend/internal/services/fuel.go:725.26,728.3 2 0
github.com/fleetflow/backend/internal/services/fuel.go:729.2,735.24 3 0
github.com/fleetflow/backend/internal/services/fuel.go:739.92,744.36 2 0
github.com/fleetflow/backend/internal/services/fuel.go:744.36,745.35 1 0
github.com/fleetflow/backend/internal/services/fuel.go:745.35,746.12 1 0
github.com/fleetflow/backend/internal/services/fuel.go:749.3,750.24 2 0
github.com/fleetflow/backend/internal/services/fuel.go:750.24,752.4 1 0
github.com/fleetflow/backend/internal/services/fuel.go:753.3,753.42 1 0
github.com/fleetflow/backend/internal/services/fuel.go:756.2,756.25 1 0
github.com/fleetflow/backend/internal/services/fuel.go:756.25,758.3 1 0
github.com/fleetflow/backend/internal/services/fuel.go:761.2,762.30 2 0
github.com/fleetflow/backend/internal/services/fuel.go:762.30,764.3 1 0
github.com/fleetflow/backend/internal/services/fuel.go:765.2,765.38 1 0
github.com/fleetflow/backend/internal/services/fuel.go:772.3,773.22 1 0
github.com/fleetflow/backend/internal/services/fuel.go:773.22,778.3 1 0
github.com/fleetflow/backend/internal/services/fuel.go:781.2,782.31 2 0
github.com/fleetflow/backend/internal/services/fuel.go:782.31,786.3 2 0
github.com/fleetflow/backend/internal/services/fuel.go:788.2,788.30 1 0
github.com/fleetflow/backend/internal/services/fuel.go:788.30,793.3 1 0
github.com/fleetflow/backend/internal/services/fuel.go:796.2,808.14 7 0
github.com/fleetflow/backend/internal/services/fuel.go:808.14,810.3 1 0
github.com/fleetflow/backend/internal/services/fuel.go:812.2,815.32 1 0
github.com/fleetflow/backend/internal/services/fuel.go:821.3,824.21 2 0
github.com/fleetflow/backend/internal/services/fuel.go:824.21,829.3 2 0
github.com/fleetflow/backend/internal/services/fuel.go:832.2,833.35 2 0
github.com/fleetflow/backend/internal/services/fuel.go:833.35,836.3 2 0
github.com/fleetflow/backend/internal/services/fuel.go:839.2,840.37 2 0
github.com/fleetflow/backend/internal/services/fuel.go:840.37,842.3 1 0
github.com/fleetflow/backend/internal/services/fuel.go:843.2,846.22 2 0
github.com/fleetflow/backend/internal/services/fuel.go:846.22,849.3 2 0
github.com/fleetflow/backend/internal/services/fuel.go:852.2,853.31 2 0
github.com/fleetflow/backend/internal/services/fuel.go:853.31,855.3 1 0
github.com/fleetflow/backend/internal/services/fuel.go:857.2,858.33 2 0
github.com/fleetflow/backend/internal/services/fuel.go:858.33,860.3 1 0
github.com/fleetflow/backend/internal/services/fuel.go:861.2,863.22 2 0
github.com/fleetflow/backend/internal/services/fuel.go:863.22,865.3 1 0
github.com/fleetflow/backend/internal/services/fuel.go:868.2,869.31 2 0
github.com/fleetflow/backend/internal/services/fuel.go:869.31,871.3 1 0
github.com/fleetflow/backend/internal/services/fuel.go:874.2,876.38 3 0
github.com/fleetflow/backend/internal/services/fuel.go:876.38,877.23 1 0
github.com/fleetflow/backend/internal/services/fuel.go:877.23,880.4 2 0
github.com/fleetflow/backend/internal/services/fuel.go:883.2,883.36 1 0
github.com/fleetflow/backend/internal/services/fuel.go:883.36,885.3 1 0
github.com/fleetflow/backend/internal/services/fuel.go:885.8,885.45 1 0
github.com/fleetflow/backend/internal/services/fuel.go:885.45,887.3 1 0
github.com/fleetflow/backend/internal/services/fuel.go:889.2,891.20 1 0
github.com/fleetflow/backend/internal/services/fuel.go:895.132,899.12 2 0
github.com/fleetflow/backend/internal/services/fuel.go:899.12,903.7 3 0
github.com/fleetflow/backend/internal/services/fuel.go:903.7,904.11 1 0
github.com/fleetflow/backend/internal/services/fuel.go:905.20,907.42 1 0
github.com/fleetflow/backend/internal/services/fuel.go:907.42,909.6 1 0
github.com/fleetflow/backend/internal/services/fuel.go:910.20,912.11 2 0
github.com/fleetflow/backend/internal/services/fuel.go:918.2,918.16 1 0
github.com/fleetflow/backend/internal/services/fuel.go:918.16,920.3 1 0
github.com/fleetflow/backend/internal/services/fuel.go:923.129,927.12 2 0
github.com/fleetflow/backend/internal/services/fuel.go:927.12,931.7 3 0
github.com/fleetflow/backend/internal/services/fuel.go:931.7,932.11 1 0
github.com/fleetflow/backend/internal/services/fuel.go:933.20,934.42 1 0
github.com/fleetflow/backend/internal/services/fuel.go:934.42,936.6 1 0
github.com/fleetflow/backend/internal/services/fuel.go:937.20,939.11 2 0
github.com/fleetflow/backend/internal/services/fuel.go:944.2,944.16 1 0
github.com/fleetflow/backend/internal/services/fuel.go:944.16,946.3 1 0
github.com/fleetflow/backend/internal/services/fuel.go:950.116,958.37 4 0
github.com/fleetflow/backend/internal/services/fuel.go:958.37,959.36 1 0
github.com/fleetflow/backend/internal/services/fuel.go:959.36,972.11 2 0
github.com/fleetflow/backend/internal/services/fuel.go:973.28,974.109 1 0
github.com/fleetflow/backend/internal/services/fuel.go:975.12,975.12 0 0
github.com/fleetflow/backend/internal/services/fuel.go:983.119,991.21 4 0
github.com/fleetflow/backend/internal/services/fuel.go:991.21,993.3 1 0
github.com/fleetflow/backend/internal/services/fuel.go:996.2,998.31 2 0
github.com/fleetflow/backend/internal/services/fuel.go:998.31,1009.10 2 0
github.com/fleetflow/backend/internal/services/fuel.go:1010.31,1011.89 1 0
[...]
github.com/fleetflow/backend/internal/services/maps.go:120.147,123.31 2 0
github.com/fleetflow/backend/internal/services/maps.go:123.31,125.3 1 0
github.com/fleetflow/backend/internal/services/maps.go:128.2,139.21 2 0
github.com/fleetflow/backend/internal/services/maps.go:140.32,141.44 1 0
github.com/fleetflow/backend/internal/services/maps.go:142.28,142.28 0 0
github.com/fleetflow/backend/internal/services/maps.go:144.10,145.48 1 0
github.com/fleetflow/backend/internal/services/maps.go:148.2,149.16 2 0
github.com/fleetflow/backend/internal/services/maps.go:149.16,151.3 1 0
github.com/fleetflow/backend/internal/services/maps.go:153.2,153.22 1 0
github.com/fleetflow/backend/internal/services/maps.go:153.22,155.3 1 0
github.com/fleetflow/backend/internal/services/maps.go:157.2,167.33 6 0
github.com/fleetflow/backend/internal/services/maps.go:167.33,171.34 3 0
github.com/fleetflow/backend/internal/services/maps.go:171.34,173.4 1 0
github.com/fleetflow/backend/internal/services/maps.go:176.2,188.8 3 0
github.com/fleetflow/backend/internal/services/maps.go:191.149,200.2 3 0
github.com/fleetflow/backend/internal/services/maps.go:203.103,212.16 3 0
github.com/fleetflow/backend/internal/services/maps.go:212.16,214.3 1 0
github.com/fleetflow/backend/internal/services/maps.go:216.2,216.22 1 0
github.com/fleetflow/backend/internal/services/maps.go:216.22,218.3 1 0
github.com/fleetflow/backend/internal/services/maps.go:220.2,229.17 8 0
github.com/fleetflow/backend/internal/services/maps.go:229.17,231.3 1 0
github.com/fleetflow/backend/internal/services/maps.go:232.2,232.17 1 0
github.com/fleetflow/backend/internal/services/maps.go:232.17,234.3 1 0
github.com/fleetflow/backend/internal/services/maps.go:237.2,238.31 2 0
github.com/fleetflow/backend/internal/services/maps.go:238.31,241.3 1 0
github.com/fleetflow/backend/internal/services/maps.go:243.2,248.8 1 0
github.com/fleetflow/backend/internal/services/maps.go:252.186,255.16 2 0
github.com/fleetflow/backend/internal/services/maps.go:255.16,257.3 1 0
github.com/fleetflow/backend/internal/services/maps.go:260.2,262.39 2 0
github.com/fleetflow/backend/internal/services/maps.go:262.39,265.17 2 0
github.com/fleetflow/backend/internal/services/maps.go:265.17,267.4 1 0
github.com/fleetflow/backend/internal/services/maps.go:270.3,278.9 2 0
github.com/fleetflow/backend/internal/services/maps.go:281.2,286.8 1 0
github.com/fleetflow/backend/internal/services/maps.go:290.116,293.37 2 0
github.com/fleetflow/backend/internal/services/maps.go:293.37,295.17 2 0
github.com/fleetflow/backend/internal/services/maps.go:295.17,297.12 1 0
github.com/fleetflow/backend/internal/services/maps.go:299.3,299.44 1 0
github.com/fleetflow/backend/internal/services/maps.go:302.2,302.24 1 0
github.com/fleetflow/backend/internal/services/maps.go:305.113,311.16 3 0
github.com/fleetflow/backend/internal/services/maps.go:311.16,313.3 1 0
github.com/fleetflow/backend/internal/services/maps.go:314.2,317.16 3 0
github.com/fleetflow/backend/internal/services/maps.go:317.16,319.3 1 0
github.com/fleetflow/backend/internal/services/maps.go:321.2,336.59 2 0
github.com/fleetflow/backend/internal/services/maps.go:336.59,338.3 1 0
github.com/fleetflow/backend/internal/services/maps.go:340.2,347.34 2 0
github.com/fleetflow/backend/internal/services/maps.go:347.34,349.3 1 0
github.com/fleetflow/backend/internal/services/maps.go:352.2,353.68 2 0
github.com/fleetflow/backend/internal/services/maps.go:353.68,355.3 1 0
github.com/fleetflow/backend/internal/services/maps.go:356.2,356.73 1 0
github.com/fleetflow/backend/internal/services/maps.go:356.73,358.3 1 0
github.com/fleetflow/backend/internal/services/maps.go:360.2,360.23 1 0
github.com/fleetflow/backend/internal/services/maps.go:365.93,366.29 1 0
github.com/fleetflow/backend/internal/services/maps.go:366.29,368.3 1 0
github.com/fleetflow/backend/internal/services/maps.go:370.2,371.43 2 0
github.com/fleetflow/backend/internal/services/maps.go:371.43,372.31 1 0
github.com/fleetflow/backend/internal/services/maps.go:372.31,374.4 1 0
github.com/fleetflow/backend/internal/services/maps.go:377.2,377.18 1 0
github.com/fleetflow/backend/internal/services/maps.go:380.97,385.21 3 0
github.com/fleetflow/backend/internal/services/maps.go:386.15,387.19 1 0
github.com/fleetflow/backend/internal/services/maps.go:388.23,389.19 1 0
github.com/fleetflow/backend/internal/services/maps.go:390.13,391.20 1 0
github.com/fleetflow/backend/internal/services/maps.go:392.14,393.20 1 0
github.com/fleetflow/backend/internal/services/maps.go:394.10,395.20 1 0
github.com/fleetflow/backend/internal/services/maps.go:398.2,398.32 1 0
github.com/fleetflow/backend/internal/services/maps.go:401.110,408.21 4 0
github.com/fleetflow/backend/internal/services/maps.go:409.32,412.26 3 0
github.com/fleetflow/backend/internal/services/maps.go:413.13,416.27 3 0
github.com/fleetflow/backend/internal/services/maps.go:417.14,420.27 3 0
github.com/fleetflow/backend/internal/services/maps.go:423.2,429.48 5 0
github.com/fleetflow/backend/internal/services/maps.go:432.93,433.22 1 0
github.com/fleetflow/backend/internal/services/maps.go:433.22,435.3 1 0
github.com/fleetflow/backend/internal/services/maps.go:437.2,441.32 4 0
github.com/fleetflow/backend/internal/services/maps.go:441.32,445.32 3 0
github.com/fleetflow/backend/internal/services/maps.go:445.32,446.18 1 0
github.com/fleetflow/backend/internal/services/maps.go:446.18,447.13 1 0
github.com/fleetflow/backend/internal/services/maps.go:450.4,451.30 2 0
github.com/fleetflow/backend/internal/services/maps.go:451.30,454.5 2 0
github.com/fleetflow/backend/internal/services/maps.go:457.3,457.20 1 0
github.com/fleetflow/backend/internal/services/maps.go:457.20,461.4 3 0
github.com/fleetflow/backend/internal/services/maps.go:464.2,464.15 1 0
github.com/fleetflow/backend/internal/services/maps.go:467.92,472.15 4 0
github.com/fleetflow/backend/internal/services/maps.go:472.15,474.38 2 0
github.com/fleetflow/backend/internal/services/maps.go:474.38,475.41 1 0
github.com/fleetflow/backend/internal/services/maps.go:475.41,483.30 4 0
github.com/fleetflow/backend/internal/services/maps.go:483.30,485.6 1 0
github.com/fleetflow/backend/internal/services/maps.go:485.11,488.6 1 0
github.com/fleetflow/backend/internal/services/maps.go:493.2,493.15 1 0
github.com/fleetflow/backend/internal/services/maps.go:496.69,497.18 1 0
github.com/fleetflow/backend/internal/services/maps.go:497.18,501.3 3 0
github.com/fleetflow/backend/internal/services/maps.go:504.92,505.22 1 0
github.com/fleetflow/backend/internal/services/maps.go:505.22,507.3 1 0
github.com/fleetflow/backend/internal/services/maps.go:509.2,510.35 2 0
github.com/fleetflow/backend/internal/services/maps.go:510.35,512.3 1 0
github.com/fleetflow/backend/internal/services/maps.go:514.2,514.14 1 0
github.com/fleetflow/backend/internal/services/maps.go:517.71,532.2 8 0
github.com/fleetflow/backend/internal/services/maps.go:534.144,535.22 1 0
github.com/fleetflow/backend/internal/services/maps.go:535.22,541.3 1 0
github.com/fleetflow/backend/internal/services/maps.go:543.2,544.37 2 0
github.com/fleetflow/backend/internal/services/maps.go:544.37,546.3 1 0
github.com/fleetflow/backend/internal/services/maps.go:548.2,558.16 3 0
github.com/fleetflow/backend/internal/services/maps.go:558.16,560.3 1 0
github.com/fleetflow/backend/internal/services/maps.go:562.2,562.22 1 0
github.com/fleetflow/backend/internal/services/maps.go:562.22,564.3 1 0
github.com/fleetflow/backend/internal/services/maps.go:566.2,570.33 4 0
github.com/fleetflow/backend/internal/services/maps.go:570.33,573.3 2 0
github.com/fleetflow/backend/internal/services/maps.go:575.2,585.8 3 0
github.com/fleetflow/backend/internal/services/maps.go:588.133,605.16 4 0
github.com/fleetflow/backend/internal/services/maps.go:605.16,607.3 1 0
github.com/fleetflow/backend/internal/services/maps.go:609.2,610.39 2 0
github.com/fleetflow/backend/internal/services/maps.go:610.39,626.3 3 0
github.com/fleetflow/backend/internal/services/maps.go:629.2,629.43 1 0
github.com/fleetflow/backend/internal/services/maps.go:629.43,631.3 1 0
github.com/fleetflow/backend/internal/services/maps.go:633.2,633.22 1 0
github.com/fleetflow/backend/internal/services/maps.go:636.105,637.24 1 0
github.com/fleetflow/backend/internal/services/maps.go:637.24,639.3 1 0
github.com/fleetflow/backend/internal/services/maps.go:649.2,652.37 3 0
github.com/fleetflow/backend/internal/services/maps.go:652.37,654.24 2 0
github.com/fleetflow/backend/internal/services/maps.go:654.24,657.4 2 0
github.com/fleetflow/backend/internal/services/maps.go:660.2,660.13 1 0
github.com/fleetflow/backend/internal/services/maps.go:663.75,670.2 4 0
github.com/fleetflow/backend/internal/services/notification.go:17.70,19.25 2 1
github.com/fleetflow/backend/internal/services/notification.go:19.25,21.3 1 0
github.com/fleetflow/backend/internal/services/notification.go:21.8,23.3 1 1
github.com/fleetflow/backend/internal/services/notification.go:25.2,28.3 1 1
github.com/fleetflow/backend/internal/services/notification.go:32.65,35.2 2 0
github.com/fleetflow/backend/internal/services/notification.go:38.108,41.2 2 0
github.com/fleetflow/backend/internal/services/notification.go:44.121,47.2 2 0
github.com/fleetflow/backend/internal/services/notification.go:50.121,53.2 2 0
github.com/fleetflow/backend/internal/services/notification.go:56.111,59.2 2 0
github.com/fleetflow/backend/internal/services/notification.go:62.124,65.2 2 0
github.com/fleetflow/backend/internal/services/notification.go:68.109,71.2 2 0
github.com/fleetflow/backend/internal/services/providers.go:23.40,25.2 1 0
github.com/fleetflow/backend/internal/services/providers.go:27.59,30.2 2 0
github.com/fleetflow/backend/internal/services/providers.go:32.40,34.2 1 0
github.com/fleetflow/backend/internal/services/providers.go:43.64,49.2 1 1
github.com/fleetflow/backend/internal/services/providers.go:51.62,55.2 2 0
github.com/fleetflow/backend/internal/services/providers.go:57.43,59.2 1 0
github.com/fleetflow/backend/internal/services/providers.go:77.70,79.20 2 0
github.com/fleetflow/backend/internal/services/providers.go:79.20,81.3 1 0
github.com/fleetflow/backend/internal/services/providers.go:84.2,88.3 2 0
github.com/fleetflow/backend/internal/services/providers.go:91.103,96.47 3 0
github.com/fleetflow/backend/internal/services/providers.go:96.47,98.3 1 0
github.com/fleetflow/backend/internal/services/providers.go:100.2,100.59 1 0
github.com/fleetflow/backend/internal/services/providers.go:100.59,102.3 1 0
github.com/fleetflow/backend/internal/services/providers.go:104.2,104.45 1 0
github.com/fleetflow/backend/internal/services/providers.go:107.72,110.2 2 0
github.com/fleetflow/backend/internal/services/providers.go:112.60,115.2 2 0
github.com/fleetflow/backend/internal/services/providers.go:117.70,119.2 1 0
github.com/fleetflow/backend/internal/services/providers.go:121.46,123.2 1 0
github.com/fleetflow/backend/internal/services/providers.go:133.64,140.2 1 1
github.com/fleetflow/backend/internal/services/providers.go:142.100,146.2 2 0
github.com/fleetflow/backend/internal/services/providers.go:148.69,152.2 2 0
github.com/fleetflow/backend/internal/services/providers.go:154.57,158.2 2 0
github.com/fleetflow/backend/internal/services/providers.go:160.67,162.2 1 0
github.com/fleetflow/backend/internal/services/providers.go:164.43,166.2 1 0
github.com/fleetflow/backend/internal/services/trip.go:15.75,20.2 1 1
github.com/fleetflow/backend/internal/services/trip.go:23.75,26.2 1 0
github.com/fleetflow/backend/internal/services/trip.go:29.66,32.2 1 0
github.com/fleetflow/backend/internal/services/trip.go:35.111,38.2 1 0
github.com/fleetflow/backend/internal/services/trip.go:41.75,44.2 1 0
github.com/fleetflow/backend/internal/services/trip.go:47.49,50.2 1 0
github.com/fleetflow/backend/internal/services/trip.go:53.74,56.2 1 0
github.com/fleetflow/backend/internal/services/trip.go:59.52,62.2 1 0
github.com/fleetflow/backend/internal/services/trip.go:65.55,68.2 1 0
github.com/fleetflow/backend/internal/services/upload.go:18.99,20.25 2 1
github.com/fleetflow/backend/internal/services/upload.go:20.25,22.3 1 0
github.com/fleetflow/backend/internal/services/upload.go:22.8,24.3 1 1
github.com/fleetflow/backend/internal/services/upload.go:26.2,31.3 1 1
github.com/fleetflow/backend/internal/services/upload.go:35.85,38.2 1 0
github.com/fleetflow/backend/internal/services/upload.go:41.72,44.2 1 0
github.com/fleetflow/backend/internal/services/upload.go:47.117,50.2 1 0
github.com/fleetflow/backend/internal/services/upload.go:53.60,56.2 1 0
github.com/fleetflow/backend/internal/services/upload.go:59.85,62.2 1 0
github.com/fleetflow/backend/internal/services/vehicle.go:15.81,20.2 1 1
github.com/fleetflow/backend/internal/services/vehicle.go:23.90,26.2 1 0
github.com/fleetflow/backend/internal/services/vehicle.go:29.75,32.2 1 0
github.com/fleetflow/backend/internal/services/vehicle.go:35.120,38.2 1 0
github.com/fleetflow/backend/internal/services/vehicle.go:41.90,44.2 1 0
github.com/fleetflow/backend/internal/services/vehicle.go:47.55,50.2 1 0
github.com/fleetflow/backend/internal/services/websocket.go:31.70,38.44 1 1
github.com/fleetflow/backend/internal/services/websocket.go:38.44,41.5 1 0
github.com/fleetflow/backend/internal/services/websocket.go:47.30,50.6 2 0
github.com/fleetflow/backend/internal/services/websocket.go:50.6,51.10 1 0
github.com/fleetflow/backend/internal/services/websocket.go:52.31,56.84 4 0
github.com/fleetflow/backend/internal/services/websocket.go:58.33,60.38 2 0
github.com/fleetflow/backend/internal/services/websocket.go:60.38,63.5 2 0
github.com/fleetflow/backend/internal/services/websocket.go:64.4,65.87 2 0
github.com/fleetflow/backend/internal/services/websocket.go:67.33,69.34 2 0
github.com/fleetflow/backend/internal/services/websocket.go:69.34,70.12 1 0
github.com/fleetflow/backend/internal/services/websocket.go:71.33,71.33 0 0
github.com/fleetflow/backend/internal/services/websocket.go:72.13,74.31 2 0
github.com/fleetflow/backend/internal/services/websocket.go:77.4,77.21 1 0
github.com/fleetflow/backend/internal/services/websocket.go:83.31,88.32 4 0
github.com/fleetflow/backend/internal/services/websocket.go:88.32,91.3 2 0
github.com/fleetflow/backend/internal/services/websocket.go:95.32,97.2 1 0
github.com/fleetflow/backend/internal/services/websocket.go:100.71,104.32 3 0
github.com/fleetflow/backend/internal/services/websocket.go:104.32,107.35 2 0
github.com/fleetflow/backend/internal/services/websocket.go:107.35,108.18 1 0
github.com/fleetflow/backend/internal/services/websocket.go:108.18,110.10 2 0
github.com/fleetflow/backend/internal/services/websocket.go:114.3,114.17 1 0
github.com/fleetflow/backend/internal/services/websocket.go:114.17,115.11 1 0
github.com/fleetflow/backend/internal/services/websocket.go:116.32,116.32 0 0
github.com/fleetflow/backend/internal/services/websocket.go:117.12,119.30 2 0
github.com/fleetflow/backend/internal/services/websocket.go:126.85,128.16 2 0
github.com/fleetflow/backend/internal/services/websocket.go:128.16,131.3 2 0
github.com/fleetflow/backend/internal/services/websocket.go:133.2,145.22 4 0
github.com/fleetflow/backend/internal/services/websocket.go:149.38,150.15 1 0
github.com/fleetflow/backend/internal/services/websocket.go:150.15,153.3 2 0
github.com/fleetflow/backend/internal/services/websocket.go:155.2,155.6 1 0
github.com/fleetflow/backend/internal/services/websocket.go:155.6,157.17 2 0
github.com/fleetflow/backend/internal/services/websocket.go:157.17,158.103 1 0
github.com/fleetflow/backend/internal/services/websocket.go:158.103,160.5 1 0
github.com/fleetflow/backend/internal/services/websocket.go:161.4,161.9 1 0
github.com/fleetflow/backend/internal/services/websocket.go:165.3,165.27 1 0
github.com/fleetflow/backend/internal/services/websocket.go:170.39,173.6 2 0
github.com/fleetflow/backend/internal/services/websocket.go:173.6,174.10 1 0
github.com/fleetflow/backend/internal/services/websocket.go:175.32,176.11 1 0
github.com/fleetflow/backend/internal/services/websocket.go:176.11,179.5 2 0
github.com/fleetflow/backend/internal/services/websocket.go:181.4,181.78 1 0
github.com/fleetflow/backend/internal/services/websocket.go:181.78,184.5 2 0
github.com/fleetflow/backend/internal/services/websocket.go:190.57,194.2 1 0
github.com/fleetflow/backend/internal/services/whatsapp.go:90.65,101.2 3 1
github.com/fleetflow/backend/internal/services/whatsapp.go:104.49,138.2 3 1
github.com/fleetflow/backend/internal/services/whatsapp.go:141.78,151.2 2 0
github.com/fleetflow/backend/internal/services/whatsapp.go:154.100,168.2 3 0
github.com/fleetflow/backend/internal/services/whatsapp.go:171.103,184.2 2 0
github.com/fleetflow/backend/internal/services/whatsapp.go:187.94,200.2 2 0
github.com/fleetflow/backend/internal/services/whatsapp.go:203.113,219.2 2 0
github.com/fleetflow/backend/internal/services/whatsapp.go:222.88,223.31 1 0
github.com/fleetflow/backend/internal/services/whatsapp.go:223.31,226.3 2 0
github.com/fleetflow/backend/internal/services/whatsapp.go:228.2,228.25 1 0
github.com/fleetflow/backend/internal/services/whatsapp.go:229.22,230.96 1 0
github.com/fleetflow/backend/internal/services/whatsapp.go:232.22,233.87 1 0
github.com/fleetflow/backend/internal/services/whatsapp.go:235.31,236.27 1 0
github.com/fleetflow/backend/internal/services/whatsapp.go:236.27,238.4 1 0
github.com/fleetflow/backend/internal/services/whatsapp.go:240.31,241.93 1 0
github.com/fleetflow/backend/internal/services/whatsapp.go:243.24,249.4 1 0
github.com/fleetflow/backend/internal/services/whatsapp.go:251.10,252.87 1 0
github.com/fleetflow/backend/internal/services/whatsapp.go:255.2,255.12 1 0
github.com/fleetflow/backend/internal/services/whatsapp.go:259.66,261.32 1 0
github.com/fleetflow/backend/internal/services/whatsapp.go:261.32,264.3 2 0
github.com/fleetflow/backend/internal/services/whatsapp.go:266.2,267.16 2 0
github.com/fleetflow/backend/internal/services/whatsapp.go:267.16,269.3 1 0
github.com/fleetflow/backend/internal/services/whatsapp.go:271.2,274.16 3 0
github.com/fleetflow/backend/internal/services/whatsapp.go:274.16,276.3 1 0
github.com/fleetflow/backend/internal/services/whatsapp.go:278.2,282.16 4 0
github.com/fleetflow/backend/internal/services/whatsapp.go:282.16,284.3 1 0
github.com/fleetflow/backend/internal/services/whatsapp.go:285.2,288.16 3 0
github.com/fleetflow/backend/internal/services/whatsapp.go:288.16,290.3 1 0
github.com/fleetflow/backend/internal/services/whatsapp.go:292.2,292.38 1 0
github.com/fleetflow/backend/internal/services/whatsapp.go:292.38,294.3 1 0
github.com/fleetflow/backend/internal/services/whatsapp.go:296.2,297.56 2 0
github.com/fleetflow/backend/internal/services/whatsapp.go:297.56,300.3 2 0
github.com/fleetflow/backend/internal/services/whatsapp.go:302.2,302.30 1 0
github.com/fleetflow/backend/internal/services/whatsapp.go:302.30,304.3 1 0
github.com/fleetflow/backend/internal/services/whatsapp.go:306.2,307.12 2 0
github.com/fleetflow/backend/internal/services/whatsapp.go:311.66,314.39 1 0
github.com/fleetflow/backend/internal/services/whatsapp.go:314.39,315.23 1 0
github.com/fleetflow/backend/internal/services/whatsapp.go:315.23,317.4 1 0
github.com/fleetflow/backend/internal/services/whatsapp.go:319.2,319.14 1 0
github.com/fleetflow/backend/internal/services/whatsapp.go:323.73,324.21 1 0
github.com/fleetflow/backend/internal/services/whatsapp.go:324.21,326.3 1 0
github.com/fleetflow/backend/internal/services/whatsapp.go:327.2,327.25 1 0
github.com/fleetflow/backend/internal/services/whatsapp.go:327.25,329.3 1 0
github.com/fleetflow/backend/internal/services/whatsapp.go:330.2,330.31 1 0
github.com/fleetflow/backend/internal/services/whatsapp.go:334.62,346.2 3 0
github.com/fleetflow/backend/internal/services/whatsapp.go:349.88,350.58 1 0
github.com/fleetflow/backend/internal/services/whatsapp.go:350.58,353.3 2 0
github.com/fleetflow/backend/internal/services/whatsapp.go:355.2,356.54 2 0
